#
# A fatal error has been detected by the Java Runtime Environment:
#
#  EXCEPTION_ACCESS_VIOLATION (0xc0000005) at pc=0x000000007110b5db, pid=272, tid=18168
#
# JRE version: OpenJDK Runtime Environment (25.0.1+8) (build 25.0.1+8-27)
# Java VM: OpenJDK 64-Bit Server VM (25.0.1+8-27, mixed mode, sharing, tiered, compressed oops, compressed class ptrs, g1 gc, windows-amd64)
# Problematic frame:
# C  [jSSC-2.8_x86_64.dll+0xb5db]
#
# No core dump will be written. Minidumps are not enabled by default on client versions of Windows
#
# If you would like to submit a bug report, please visit:
#   https://bugreport.java.com/bugreport/crash.jsp
# The crash happened outside the Java Virtual Machine in native code.
# See problematic frame for where to report the bug.
#

---------------  S U M M A R Y ------------

Command Line: -javaagent:C:\Program Files\JetBrains\IntelliJ IDEA 2025.3\lib\idea_rt.jar=55005 -Dfile.encoding=UTF-8 -Dsun.stdout.encoding=UTF-8 -Dsun.stderr.encoding=UTF-8 org.example.Main

Host: AMD Ryzen 7 7735HS with Radeon Graphics        , 16 cores, 27G,  Windows 11 , 64 bit Build 26100 (10.0.26100.7309)
Time: Tue Jan  6 11:03:25 2026 Paris, Madrid elapsed time: 2.055148 seconds (0d 0h 0m 2s)

---------------  T H R E A D  ---------------

Current thread (0x000001cc4c577b30):  JavaThread "main"             [_thread_in_native, id=18168, stack(0x0000001482100000,0x0000001482200000) (1024K)]

Stack: [0x0000001482100000,0x0000001482200000],  sp=0x00000014821ff2c0,  free space=1020k
Native frames: (J=compiled Java code, j=interpreted, Vv=VM code, C=native code)
C  [jSSC-2.8_x86_64.dll+0xb5db]  (no source info available)
C  [jSSC-2.8_x86_64.dll+0x12590]  (no source info available)
C  [jSSC-2.8_x86_64.dll+0x1595]  (no source info available)
C  0x000001cc5e0ed193  (no source info available)

The last pc belongs to native method entry point (kind = native) (printed below).
Java frames: (J=compiled Java code, j=interpreted, Vv=VM code)
j  jssc.SerialNativeInterface.openPort(Ljava/lang/String;Z)J+0
j  jssc.SerialPort.openPort()Z+65
j  org.example.MicrobitSender.<init>(Ljava/lang/String;)V+32
j  org.example.Main.main([Ljava/lang/String;)V+107
v  ~StubRoutines::call_stub 0x000001cc5e0e12ed

siginfo: EXCEPTION_ACCESS_VIOLATION (0xc0000005), reading address 0x000000004ca019fc


Registers:
RAX=0x000000004ca019fc, RBX=0x00000014821ff330, RCX=0x00007ffa24f81da4, RDX=0x0000000000000000
RSP=0x00000014821ff2c0, RBP=0x00000014821ff440, RSI=0x000001cc4c577f78, RDI=0x00000000000006f4
R8 =0x00000014821ff1b8, R9 =0x0000000000000000, R10=0x0000000000000000, R11=0x0000000000000246
R12=0x00000014821ff500, R13=0x000001cc7798d670, R14=0x00000014821ff3f0, R15=0x000001cc4c577b30
RIP=0x000000007110b5db, EFLAGS=0x0000000000010202

XMM[0]=0x0000000000000000 0x0000000000000000
XMM[1]=0x0000000000000000 0x0000000000000000
XMM[2]=0x0000000000000000 0x0000000000000000
XMM[3]=0x0000000000000000 0x0000000000000000
XMM[4]=0x0000000000000000 0x0000000000000000
XMM[5]=0x0000000000000000 0x0000000000000000
XMM[6]=0x0000000000000000 0x000077ac9cd33641
XMM[7]=0x0000000000000000 0x0000000000000000
XMM[8]=0x0000000000000000 0x0000000000000000
XMM[9]=0x0000000000000000 0x0000000000000000
XMM[10]=0x0000000000000000 0x0000000000000000
XMM[11]=0x0000000000000000 0x00005a0d813e256f
XMM[12]=0x0000000000000000 0x0000000000000000
XMM[13]=0x0000000000000000 0x0008ec1da90713e7
XMM[14]=0x0000000000000000 0x0000000000000000
XMM[15]=0x0000000000000000 0x0000000000000000
  MXCSR=0x00001fa2


Register to memory mapping:

RAX=0x000000004ca019fc is an unknown value
RBX=0x00000014821ff330 is pointing into the stack for thread: 0x000001cc4c577b30
RCX=0x00007ffa24f81da4 ntdll.dll
RDX=0x0 is null
RSP=0x00000014821ff2c0 is pointing into the stack for thread: 0x000001cc4c577b30
RBP=0x00000014821ff440 is pointing into the stack for thread: 0x000001cc4c577b30
RSI=0x000001cc4c577f78 points into unknown readable memory: 0x00007ff972cb6b50 | 50 6b cb 72 f9 7f 00 00
RDI=0x00000000000006f4 is an unknown value
R8 =0x00000014821ff1b8 is pointing into the stack for thread: 0x000001cc4c577b30
R9 =0x0 is null
R10=0x0 is null
R11=0x0000000000000246 is an unknown value
R12=0x00000014821ff500 is pointing into the stack for thread: 0x000001cc4c577b30
R13=0x000001cc7798d670 points into unknown readable memory: 0xbbabbb00334d4f43 | 43 4f 4d 33 00 bb ab bb
R14=0x00000014821ff3f0 is pointing into the stack for thread: 0x000001cc4c577b30
R15=0x000001cc4c577b30 is a thread

Top of Stack: (sp=0x00000014821ff2c0)
0x00000014821ff2c0:   0000000000000003 0000000000000000   ................
0x00000014821ff2d0:   000000007110b230 0000000000000000   0..q............
0x00000014821ff2e0:   0000000000000001 0000000000000004   ................
0x00000014821ff2f0:   000001cc4c577f78 00000000000006f4   x.WL............
0x00000014821ff300:   00000014821ff440 0000000071112590   @........%.q....
0x00000014821ff310:   000001cc78155c70 00000000c0000000   p\.x............
0x00000014821ff320:   00000000000006f4 00007ffa2252208c   ......... R"....
0x00000014821ff330:   0000000000000057 0000000000000010   W...............
0x00000014821ff340:   000001cc4c577b30 00000014821ff3f0   0{WL............
0x00000014821ff350:   000001cc7798d670 00000014821ff500   p..w............
0x00000014821ff360:   0000000071113500 0000000071113be8   .5.q.....;.q....
0x00000014821ff370:   00000014821ff3a0 0000000071112641   ........A&.q....
0x00000014821ff380:   00000014821ff310 0000000000000000   ................
0x00000014821ff390:   000001cc7798d670 00000014821ff3f0   p..w............
0x00000014821ff3a0:   00000014821ff440 0000000071101595   @..........q....
0x00000014821ff3b0:   000000000000001c 000001cc00000000   ................
0x00000014821ff3c0:   00000014821ff400 00000014821ff500   ................
0x00000014821ff3d0:   0000001400000003 000001cc40000000   ...........@....
0x00000014821ff3e0:   0000000000000000 000001cc5e1058d5   .........X.^....
0x00000014821ff3f0:   334d4f435c2e5c5c 000001cc4c577b00   \\.\COM3.{WL....
0x00000014821ff400:   000001005c2e5c5c 000001cc4c577b30   \\.\....0{WL....
0x00000014821ff410:   000001cc73cb8af8 000001cc733a54a8   ...s.....T:s....
0x00000014821ff420:   00000000000001c0 0000000000000000   ................
0x00000014821ff430:   000001cc73cb8af8 00000014821ff508   ...s............
0x00000014821ff440:   00000014821ff4d8 000001cc5e0ed193   ...........^....
0x00000014821ff450:   00000000000001c0 000001cc5e0eceae   ...........^....
0x00000014821ff460:   000000009574f82f 000001cc73cb8af8   /.t........s....
0x00000014821ff470:   000001cc733a54a8 00000006664052f0   .T:s.....R@f....
0x00000014821ff480:   0000000663aafaf0 000001cc5e0ece6b   ...c....k..^....
0x00000014821ff490:   fffffffffffffff7 000001cc73cb8af8   ...........s....
0x00000014821ff4a0:   0000000000000006 000001cc73cc0dd0   ...........s....
0x00000014821ff4b0:   0000000000000000 0000000663a9dfa8   ...........c....

Instructions: (pc=0x000000007110b5db)
  0x000000007110b4db:   48 85 c0 74 bf 44 8b 03 45 85 c0 0f 84 77 ff ff
  0x000000007110b4eb:   ff eb 9f 66 90 e8 8b fe ff ff 48 89 05 0c 34 01
  0x000000007110b4fb:   00 eb ad 66 90 e8 7b fe ff ff 48 89 05 fc 33 01
  0x000000007110b50b:   00 eb 8b e8 8d fe ff ff c7 03 01 00 00 00 e9 6f
  0x000000007110b51b:   ff ff ff 66 90 55 48 89 e5 56 53 48 83 ec 20 48
  0x000000007110b52b:   8b 05 d7 33 01 00 48 8b 31 48 89 cb 48 85 c0 74
  0x000000007110b53b:   56 44 8b 18 45 85 db 78 42 48 8b 05 bd 33 01 00
  0x000000007110b54b:   48 85 c0 74 50 44 8b 10 45 85 d2 74 1d 48 89 f1
  0x000000007110b55b:   e8 d0 fd ff ff 48 8b 13 48 8d 42 40 48 8b 48 08
  0x000000007110b56b:   48 8b 6a 40 48 8b 60 10 ff e1 48 8b 05 9c 33 01
  0x000000007110b57b:   00 48 85 c0 74 2d 48 89 30 eb da e8 b5 fe ff ff
  0x000000007110b58b:   0f 1f 44 00 00 eb b2 e8 e9 fd ff ff 48 89 05 6a
  0x000000007110b59b:   33 01 00 eb 9c e8 db fd ff ff 48 89 05 5c 33 01
  0x000000007110b5ab:   00 eb a2 e8 3d fd ff ff 48 89 05 5e 33 01 00 eb
  0x000000007110b5bb:   c5 0f 1f 40 00 55 57 56 53 48 83 ec 28 48 8b 05
  0x000000007110b5cb:   39 33 01 00 48 89 cb 48 85 c0 0f 84 c5 00 00 00
=>0x000000007110b5db:   8b 38 85 ff 0f 88 ab 00 00 00 48 8b 05 1c 33 01
  0x000000007110b5eb:   00 48 85 c0 0f 84 bc 00 00 00 8b 30 85 f6 74 57
  0x000000007110b5fb:   48 8b 05 0e 33 01 00 48 85 c0 0f 84 e5 00 00 00
  0x000000007110b60b:   8b 28 48 8b 35 10 5e 01 00 ff d6 89 c7 89 e9 ff
  0x000000007110b61b:   15 f4 5e 01 00 89 f9 48 89 c5 ff 15 b9 5e 01 00
  0x000000007110b62b:   48 8b 05 de 32 01 00 48 89 2b 48 85 c0 74 46 48
  0x000000007110b63b:   89 da 8b 08 ff 15 d7 5e 01 00 85 c0 74 27 48 83
  0x000000007110b64b:   c4 28 5b 5e 5f 5d c3 48 8b 05 bf 32 01 00 48 85
  0x000000007110b65b:   c0 74 64 48 8b 10 48 89 13 48 89 18 48 83 c4 28
  0x000000007110b66b:   5b 5e 5f 5d c3 48 89 f2 48 83 c4 28 5b 5e 5f 5d
  0x000000007110b67b:   48 ff e2 66 90 e8 8b fc ff ff 48 89 05 84 32 01
  0x000000007110b68b:   00 eb ac 66 90 e8 ab fd ff ff e9 4b ff ff ff 66
  0x000000007110b69b:   0f 1f 44 00 00 e8 db fc ff ff 48 89 05 5c 32 01
  0x000000007110b6ab:   00 e9 2a ff ff ff e8 ca fc ff ff 48 89 05 4b 32
  0x000000007110b6bb:   01 00 e9 33 ff ff ff e8 29 fc ff ff 48 89 05 4a
  0x000000007110b6cb:   32 01 00 48 8b 10 48 85 c0 48 89 13 75 8b e8 12


Stack slot to memory mapping:

stack at sp + 0 slots: 0x0000000000000003 is an unknown value
stack at sp + 1 slots: 0x0 is null
stack at sp + 2 slots: 0x000000007110b230 jSSC-2.8_x86_64.dll
stack at sp + 3 slots: 0x0 is null
stack at sp + 4 slots: 0x0000000000000001 is an unknown value
stack at sp + 5 slots: 0x0000000000000004 is an unknown value
stack at sp + 6 slots: 0x000001cc4c577f78 points into unknown readable memory: 0x00007ff972cb6b50 | 50 6b cb 72 f9 7f 00 00
stack at sp + 7 slots: 0x00000000000006f4 is an unknown value

Lock stack of current Java thread (top to bottom):

native method entry point (kind = native)  [0x000001cc5e0ecdc0, 0x000001cc5e0ed8b8]  2808 bytes
[MachCode]
  0x000001cc5e0ecdc0: 488b 4b08 | 0fb7 492e | 584c 8d74 | ccf8 6800 | 0000 0068 | 0000 0000 | 5055 488b | ec41 5548 
  0x000001cc5e0ecde0: 8b43 084c | 8d68 3848 | 8b40 0868 | 0000 0000 | 5348 8b50 | 1848 8b52 | 7048 8b12 | 5248 8b53 
  0x000001cc5e0ece00: 1048 85d2 | 7407 4881 | c2d0 0000 | 0052 488b | 5010 5249 | 8bc6 482b | c548 c1e8 | 0350 6800 
  0x000001cc5e0ece20: 0000 0068 | f7ff ffff | 41c6 87f1 | 0400 0001 | 488b 4310 | 4885 c074 | 208b 8890 | 0000 0083 
  0x000001cc5e0ece40: c102 8988 | 9000 0000 | 2388 a400 | 0000 0f84 | b209 0000 | e9cf 0000 | 0048 8b43 | 1848 85c0 
  0x000001cc5e0ece60: 0f85 b000 | 0000 e805 | 0000 00e9 | 9900 0000 | 488b d348 | 8d44 2408 | 4c89 6dc0 | 498b cfc5 
  0x000001cc5e0ece80: f877 4989 | af38 0400 | 0049 8987 | 2804 0000 | 4883 ec20 | 40f6 c40f | 0f84 1900 | 0000 4883 
  0x000001cc5e0ecea0: ec08 48b8 | 401f 4472 | f97f 0000 | ffd0 4883 | c408 e90c | 0000 0048 | b840 1f44 | 72f9 7f00 
  0x000001cc5e0ecec0: 00ff d048 | 83c4 2049 | c787 2804 | 0000 0000 | 0000 49c7 | 8738 0400 | 0000 0000 | 0049 c787 
  0x000001cc5e0ecee0: 3004 0000 | 0000 0000 | c5f8 7749 | 837f 0800 | 0f84 0500 | 0000 e9e5 | 42ff ff4c | 8b6d c04c 
  0x000001cc5e0ecf00: 8b75 c84e | 8d74 f500 | c348 8b43 | 1848 85c0 | 0f84 1200 | 0000 8b48 | 0883 c102 | 8948 0823 
  0x000001cc5e0ecf20: 482c 0f84 | de08 0000 | 493b a770 | 0500 000f | 8748 0000 | 0089 8424 | 00f0 ffff | 8984 2400 
  0x000001cc5e0ecf40: e0ff ff89 | 8424 00d0 | ffff 8984 | 2400 c0ff | ff89 8424 | 00b0 ffff | 8984 2400 | a0ff ff89 
  0x000001cc5e0ecf60: 8424 0090 | ffff 8984 | 2400 80ff | ff49 3ba7 | 6805 0000 | 7607 4989 | a770 0500 | 0041 c687 
  0x000001cc5e0ecf80: f104 0000 | 0048 8b5d | e84c 8b5b | 0845 0fb7 | 5b2e 41c1 | e303 492b | e348 83ec | 2048 83e4 
  0x000001cc5e0ecfa0: f04c 8b5b | 604d 85db | 0f85 ab00 | 0000 e805 | 0000 00e9 | 9900 0000 | 488b d348 | 8d44 2408 
  0x000001cc5e0ecfc0: 4c89 6dc0 | 498b cfc5 | f877 4989 | af38 0400 | 0049 8987 | 2804 0000 | 4883 ec20 | 40f6 c40f 
  0x000001cc5e0ecfe0: 0f84 1900 | 0000 4883 | ec08 48b8 | 7048 4472 | f97f 0000 | ffd0 4883 | c408 e90c | 0000 0048 
  0x000001cc5e0ed000: b870 4844 | 72f9 7f00 | 00ff d048 | 83c4 2049 | c787 2804 | 0000 0000 | 0000 49c7 | 8738 0400 
  0x000001cc5e0ed020: 0000 0000 | 0049 c787 | 3004 0000 | 0000 0000 | c5f8 7749 | 837f 0800 | 0f84 0500 | 0000 e99d 
  0x000001cc5e0ed040: 41ff ff4c | 8b6d c04c | 8b75 c84e | 8d74 f500 | c348 8b5d | e84c 8b5b | 6041 ffd3 | 488b 5de8 
  0x000001cc5e0ed060: 4889 4518 | 440f b75b | 2c41 f6c3 | 080f 841b | 0000 004c | 8b5b 084d | 8b5b 084d | 8b5b 184d 
  0x000001cc5e0ed080: 8b5b 704d | 8b1b 4c89 | 5d10 488d | 5510 488b | 4358 49ba | a00f 7f72 | f97f 0000 | 493b c20f 
  0x000001cc5e0ed0a0: 85ab 0000 | 00e8 0500 | 0000 e999 | 0000 0048 | 8bd3 488d | 4424 084c | 896d c049 | 8bcf c5f8 
  0x000001cc5e0ed0c0: 7749 89af | 3804 0000 | 4989 8728 | 0400 0048 | 83ec 2040 | f6c4 0f0f | 8419 0000 | 0048 83ec 
  0x000001cc5e0ed0e0: 0848 b870 | 4844 72f9 | 7f00 00ff | d048 83c4 | 08e9 0c00 | 0000 48b8 | 7048 4472 | f97f 0000 
  0x000001cc5e0ed100: ffd0 4883 | c420 49c7 | 8728 0400 | 0000 0000 | 0049 c787 | 3804 0000 | 0000 0000 | 49c7 8730 
  0x000001cc5e0ed120: 0400 0000 | 0000 00c5 | f877 4983 | 7f08 000f | 8405 0000 | 00e9 a640 | ffff 4c8b | 6dc0 4c8b 
  0x000001cc5e0ed140: 75c8 4e8d | 74f5 00c3 | 488b 5de8 | 488b 4358 | 498d 8f48 | 0400 004c | 8d15 d500 | 0000 4d89 
  0x000001cc5e0ed160: 9730 0400 | 00c5 f877 | 4989 af38 | 0400 0049 | 89a7 2804 | 0000 41c7 | 87d4 0400 | 0004 0000 
  0x000001cc5e0ed180: 0049 3ba7 | c805 0000 | 7607 4989 | a7c8 0500 | 00ff d049 | 3ba7 c805 | 0000 720b | 49c7 87c8 
  0x000001cc5e0ed1a0: 0500 0000 | 0000 00c5 | f877 4883 | ec10 c5fb | 1104 2448 | 83ec 1048 | 8904 2448 | c744 2408 
  0x000001cc5e0ed1c0: 0000 0000 | 41c7 87d4 | 0400 0005 | 0000 00f0 | 8344 24c0 | 0049 3b6f | 280f 870e | 0000 0041 
  0x000001cc5e0ed1e0: 83bf d004 | 0000 000f | 8420 0000 | 0049 8bcf | 4c8b e448 | 83ec 2048 | 83e4 f048 | b8a0 ac45 
  0x000001cc5e0ed200: 72f9 7f00 | 00ff d049 | 8be4 4d33 | e441 c787 | d404 0000 | 0800 0000 | 4d8b 97f0 | 0500 0049 
  0x000001cc5e0ed220: 83fa 0074 | 3549 c787 | f005 0000 | 0000 0000 | 41ff e249 | ba60 be0e | 5ecc 0100 | 0041 ffd2 
  0x000001cc5e0ed240: 4883 ec10 | c5fb 1104 | 2448 83ec | 1048 8904 | 2448 c744 | 2408 0000 | 0000 49c7 | 8728 0400 
  0x000001cc5e0ed260: 0000 0000 | 0049 c787 | 3804 0000 | 0000 0000 | 49c7 8730 | 0400 0000 | 0000 00c5 | f877 4d8b 
  0x000001cc5e0ed280: 9fb8 0400 | 0041 c783 | 0001 0000 | 0000 0000 | 49bb 5aa7 | 0e5e cc01 | 0000 4c3b | 5d18 0f85 
  0x000001cc5e0ed2a0: 5501 0000 | 488b 0424 | 4883 c410 | 4885 c00f | 842f 0100 | 00a8 030f | 8508 0000 | 0048 8b00 
  0x000001cc5e0ed2c0: e91f 0100 | 00a8 010f | 8509 0000 | 0048 8b40 | fee9 0e01 | 0000 488b | 40ff 4180 | 7f48 000f 
  0x000001cc5e0ed2e0: 84ff 0000 | 0048 83f8 | 000f 84f5 | 0000 004d | 8b5f 384d | 85db 0f84 | 1400 0000 | 4983 eb08 
  0x000001cc5e0ed300: 4d89 5f38 | 4d03 5f40 | 4989 03e9 | d400 0000 | 4883 ec70 | 4889 0424 | 4889 4c24 | 0848 8954 
  0x000001cc5e0ed320: 2410 4c89 | 4424 184c | 894c 2420 | 4c89 5424 | 284c 895c | 2430 c5fb | 1144 2440 | c5fb 114c 
  0x000001cc5e0ed340: 2448 c5fb | 1154 2450 | c5fb 115c | 2458 c5fb | 1164 2460 | c5fb 116c | 2468 498b | d748 8bc8 
  0x000001cc5e0ed360: 4883 ec20 | 40f6 c40f | 0f84 1900 | 0000 4883 | ec08 48b8 | 2076 3872 | f97f 0000 | ffd0 4883 
  0x000001cc5e0ed380: c408 e90c | 0000 0048 | b820 7638 | 72f9 7f00 | 00ff d048 | 83c4 20c5 | fb10 6c24 | 68c5 fb10 
  0x000001cc5e0ed3a0: 6424 60c5 | fb10 5c24 | 58c5 fb10 | 5424 50c5 | fb10 4c24 | 48c5 fb10 | 4424 404c | 8b5c 2430 
  0x000001cc5e0ed3c0: 4c8b 5424 | 284c 8b4c | 2420 4c8b | 4424 1848 | 8b54 2410 | 488b 4c24 | 0848 8b04 | 2448 83c4 
  0x000001cc5e0ed3e0: 70c5 f877 | 4889 4510 | 4883 ec10 | 4889 0424 | 48c7 4424 | 0800 0000 | 0041 83bf | 5005 0000 
  0x000001cc5e0ed400: 020f 85bf | 0000 0048 | 81ec 8000 | 0000 4889 | 4424 7848 | 894c 2470 | 4889 5424 | 6848 895c 
  0x000001cc5e0ed420: 2460 4889 | 6c24 5048 | 8974 2448 | 4889 7c24 | 404c 8944 | 2438 4c89 | 4c24 304c | 8954 2428 
  0x000001cc5e0ed440: 4c89 5c24 | 204c 8964 | 2418 4c89 | 6c24 104c | 8974 2408 | 4c89 3c24 | 4c8b e448 | 83ec 2048 
  0x000001cc5e0ed460: 83e4 f048 | b810 f77e | 72f9 7f00 | 00ff d049 | 8be4 4c8b | 3c24 4c8b | 7424 084c | 8b6c 2410 
  0x000001cc5e0ed480: 4c8b 6424 | 184c 8b5c | 2420 4c8b | 5424 284c | 8b4c 2430 | 4c8b 4424 | 3848 8b7c | 2440 488b 
  0x000001cc5e0ed4a0: 7424 4848 | 8b6c 2450 | 488b 5c24 | 6048 8b54 | 2468 488b | 4c24 7048 | 8b44 2478 | 4881 c480 
  0x000001cc5e0ed4c0: 0000 004d | 33e4 488b | 5de8 4c8b | 6b08 4d8d | 6d38 4983 | 7f08 000f | 84bb 0000 | 00e8 0500 
  0x000001cc5e0ed4e0: 0000 e996 | 0000 0048 | 8d44 2408 | 4c89 6dc0 | 498b cfc5 | f877 4989 | af38 0400 | 0049 8987 
  0x000001cc5e0ed500: 2804 0000 | 4883 ec20 | 40f6 c40f | 0f84 1900 | 0000 4883 | ec08 48b8 | b066 4472 | f97f 0000 
  0x000001cc5e0ed520: ffd0 4883 | c408 e90c | 0000 0048 | b8b0 6644 | 72f9 7f00 | 00ff d048 | 83c4 2049 | c787 2804 
  0x000001cc5e0ed540: 0000 0000 | 0000 49c7 | 8738 0400 | 0000 0000 | 0049 c787 | 3004 0000 | 0000 0000 | c5f8 7749 
  0x000001cc5e0ed560: 837f 0800 | 0f84 0500 | 0000 e971 | 3cff ff4c | 8b6d c04c | 8b75 c84e | 8d74 f500 | c348 b928 
  0x000001cc5e0ed580: 08a8 72f9 | 7f00 0048 | 83e4 f048 | b800 8d6b | 72f9 7f00 | 00ff d0f4 | 440f b75b | 2c41 f6c3 
  0x000001cc5e0ed5a0: 200f 8472 | 0100 0048 | 8d55 a84c | 8b5a 084d | 85db 0f85 | bb00 0000 | e805 0000 | 00e9 9600 
  0x000001cc5e0ed5c0: 0000 488d | 4424 084c | 896d c049 | 8bcf c5f8 | 7749 89af | 3804 0000 | 4989 8728 | 0400 0048 
  0x000001cc5e0ed5e0: 83ec 2040 | f6c4 0f0f | 8419 0000 | 0048 83ec | 0848 b8e0 | 6544 72f9 | 7f00 00ff | d048 83c4 
  0x000001cc5e0ed600: 08e9 0c00 | 0000 48b8 | e065 4472 | f97f 0000 | ffd0 4883 | c420 49c7 | 8728 0400 | 0000 0000 
  0x000001cc5e0ed620: 0049 c787 | 3804 0000 | 0000 0000 | 49c7 8730 | 0400 0000 | 0000 00c5 | f877 4983 | 7f08 000f 
  0x000001cc5e0ed640: 8405 0000 | 00e9 963b | ffff 4c8b | 6dc0 4c8b | 75c8 4e8d | 74f5 00c3 | 48b9 2808 | a872 f97f 
  0x000001cc5e0ed660: 0000 4883 | e4f0 48b8 | 008d 6b72 | f97f 0000 | ffd0 f44c | 896d c04c | 8b4a 0848 | c742 0800 
  0x000001cc5e0ed680: 0000 0045 | 8b87 d806 | 0000 4f3b | 4c07 f80f | 8542 0000 | 0041 83af | d806 0000 | 084f 3b4c 
  0x000001cc5e0ed6a0: 07f0 0f84 | 2a00 0000 | 498b 01a8 | 020f 8512 | 0000 004c | 8bc0 4983 | c801 f04d | 0fb1 010f 
  0x000001cc5e0ed6c0: 840d 0000 | 0041 8387 | d806 0000 | 08e9 0500 | 0000 e93e | 0000 004c | 894a 0848 | 8bca 4883 
  0x000001cc5e0ed6e0: ec20 40f6 | c40f 0f84 | 1900 0000 | 4883 ec08 | 48b8 3038 | 4472 f97f | 0000 ffd0 | 4883 c408 
  0x000001cc5e0ed700: e90c 0000 | 0048 b830 | 3844 72f9 | 7f00 00ff | d048 83c4 | 204c 8b6d | c041 c687 | 9603 0000 
  0x000001cc5e0ed720: 0149 3b6f | 280f 8705 | 0000 00e9 | ab00 0000 | 4883 ec10 | c5fb 1104 | 2448 83ec | 1048 8904 
  0x000001cc5e0ed740: 2448 c744 | 2408 0000 | 0000 c5f8 | 7749 89af | 3804 0000 | 49ba 4ad7 | 0e5e cc01 | 0000 4d89 
  0x000001cc5e0ed760: 9730 0400 | 0049 89a7 | 2804 0000 | 498b cf48 | 83ec 2040 | f6c4 0f0f | 8419 0000 | 0048 83ec 
  0x000001cc5e0ed780: 0848 b8d0 | 1e44 72f9 | 7f00 00ff | d048 83c4 | 08e9 0c00 | 0000 48b8 | d01e 4472 | f97f 0000 
  0x000001cc5e0ed7a0: ffd0 4883 | c420 49c7 | 8728 0400 | 0000 0000 | 0049 c787 | 3804 0000 | 0000 0000 | 49c7 8730 
  0x000001cc5e0ed7c0: 0400 0000 | 0000 00c5 | f877 488b | 0424 4883 | c410 c5fb | 1004 2448 | 83c4 1048 | 8b04 2448 
  0x000001cc5e0ed7e0: 83c4 10c5 | fb10 0424 | 4883 c410 | 4c8b 5d18 | 41ff d34c | 8b5d f8c9 | 41c6 8796 | 0300 0000 
  0x000001cc5e0ed800: 5f49 8be3 | ffe7 ba00 | 0000 00e8 | 0500 0000 | e996 0000 | 0048 8d44 | 2408 4c89 | 6dc0 498b 
  0x000001cc5e0ed820: cfc5 f877 | 4989 af38 | 0400 0049 | 8987 2804 | 0000 4883 | ec20 40f6 | c40f 0f84 | 1900 0000 
  0x000001cc5e0ed840: 4883 ec08 | 48b8 202e | 4472 f97f | 0000 ffd0 | 4883 c408 | e90c 0000 | 0048 b820 | 2e44 72f9 
  0x000001cc5e0ed860: 7f00 00ff | d048 83c4 | 2049 c787 | 2804 0000 | 0000 0000 | 49c7 8738 | 0400 0000 | 0000 0049 
  0x000001cc5e0ed880: c787 3004 | 0000 0000 | 0000 c5f8 | 7749 837f | 0800 0f84 | 0500 0000 | e943 39ff | ff4c 8b6d 
  0x000001cc5e0ed8a0: c04c 8b75 | c84e 8d74 | f500 c348 | 8b5d e8e9 | 74f6 ffff | 0f1f 4000 
[/MachCode]

---------------  P R O C E S S  ---------------

Threads class SMR info:
_java_thread_list=0x000001cc77f9e240, length=22, elements={
0x000001cc4c577b30, 0x000001cc7197b320, 0x000001cc7197bae0, 0x000001cc7197e510,
0x000001cc71981ba0, 0x000001cc7197fa20, 0x000001cc719805e0, 0x000001cc7198ec10,
0x000001cc719bc850, 0x000001cc7260de80, 0x000001cc7269c9e0, 0x000001cc7271df10,
0x000001cc727dd430, 0x000001cc727ddbf0, 0x000001cc778726b0, 0x000001cc781643d0,
0x000001cc78021710, 0x000001cc782fc930, 0x000001cc783183b0, 0x000001cc78318b70,
0x000001cc780f9410, 0x000001cc781362d0
}

Java Threads: ( => current thread )
=>0x000001cc4c577b30 JavaThread "main"                              [_thread_in_native, id=18168, stack(0x0000001482100000,0x0000001482200000) (1024K)]
  0x000001cc7197b320 JavaThread "Reference Handler"          daemon [_thread_blocked, id=14908, stack(0x0000001482900000,0x0000001482a00000) (1024K)]
  0x000001cc7197bae0 JavaThread "Finalizer"                  daemon [_thread_blocked, id=15240, stack(0x0000001482a00000,0x0000001482b00000) (1024K)]
  0x000001cc7197e510 JavaThread "Signal Dispatcher"          daemon [_thread_blocked, id=21928, stack(0x0000001482b00000,0x0000001482c00000) (1024K)]
  0x000001cc71981ba0 JavaThread "Attach Listener"            daemon [_thread_blocked, id=12780, stack(0x0000001482c00000,0x0000001482d00000) (1024K)]
  0x000001cc7197fa20 JavaThread "Service Thread"             daemon [_thread_blocked, id=18208, stack(0x0000001482d00000,0x0000001482e00000) (1024K)]
  0x000001cc719805e0 JavaThread "Monitor Deflation Thread"   daemon [_thread_blocked, id=22404, stack(0x0000001482e00000,0x0000001482f00000) (1024K)]
  0x000001cc7198ec10 JavaThread "C2 CompilerThread0"         daemon [_thread_blocked, id=22520, stack(0x0000001482f00000,0x0000001483000000) (1024K)]
  0x000001cc719bc850 JavaThread "C1 CompilerThread0"         daemon [_thread_blocked, id=2520, stack(0x0000001483000000,0x0000001483100000) (1024K)]
  0x000001cc7260de80 JavaThread "C1 CompilerThread1"         daemon [_thread_blocked, id=8512, stack(0x0000001483100000,0x0000001483200000) (1024K)]
  0x000001cc7269c9e0 JavaThread "C1 CompilerThread2"         daemon [_thread_blocked, id=12920, stack(0x0000001483200000,0x0000001483300000) (1024K)]
  0x000001cc7271df10 JavaThread "Common-Cleaner"             daemon [_thread_blocked, id=11224, stack(0x0000001483300000,0x0000001483400000) (1024K)]
  0x000001cc727dd430 JavaThread "Monitor Ctrl-Break"         daemon [_thread_in_native, id=20212, stack(0x0000001483500000,0x0000001483600000) (1024K)]
  0x000001cc727ddbf0 JavaThread "Notification Thread"        daemon [_thread_blocked, id=16904, stack(0x0000001483600000,0x0000001483700000) (1024K)]
  0x000001cc778726b0 JavaThread "C1 CompilerThread3"         daemon [_thread_blocked, id=21784, stack(0x0000001483700000,0x0000001483800000) (1024K)]
  0x000001cc781643d0 JavaThread "OkHttp geo.api.gouv.fr"     daemon [_thread_in_native, id=22032, stack(0x0000001483a00000,0x0000001483b00000) (1024K)]
  0x000001cc78021710 JavaThread "OkHttp geo.api.gouv.fr"     daemon [_thread_in_native, id=7032, stack(0x0000001483b00000,0x0000001483c00000) (1024K)]
  0x000001cc782fc930 JavaThread "Okio Watchdog"              daemon [_thread_blocked, id=16792, stack(0x0000001483c00000,0x0000001483d00000) (1024K)]
  0x000001cc783183b0 JavaThread "OkHttp router.project-osrm.org" daemon [_thread_in_native, id=22096, stack(0x0000001483d00000,0x0000001483e00000) (1024K)]
  0x000001cc78318b70 JavaThread "OkHttp TaskRunner"          daemon [_thread_blocked, id=16452, stack(0x0000001483e00000,0x0000001483f00000) (1024K)]
  0x000001cc780f9410 JavaThread "OkHttp TaskRunner"          daemon [_thread_blocked, id=8080, stack(0x0000001483800000,0x0000001483900000) (1024K)]
  0x000001cc781362d0 JavaThread "OkHttp TaskRunner"          daemon [_thread_blocked, id=10660, stack(0x0000001483400000,0x0000001483500000) (1024K)]
Total: 22

Other Threads:
  0x000001cc71961060 VMThread "VM Thread"                           [id=15552, stack(0x0000001482800000,0x0000001482900000) (1024K)]
  0x000001cc718314d0 WatcherThread "VM Periodic Task Thread"        [id=22308, stack(0x0000001482700000,0x0000001482800000) (1024K)]
  0x000001cc4cce91f0 WorkerThread "GC Thread#0"                     [id=9588, stack(0x0000001482200000,0x0000001482300000) (1024K)]
  0x000001cc4ccfea80 ConcurrentGCThread "G1 Main Marker"            [id=13360, stack(0x0000001482300000,0x0000001482400000) (1024K)]
  0x000001cc4cd00510 WorkerThread "G1 Conc#0"                       [id=12728, stack(0x0000001482400000,0x0000001482500000) (1024K)]
  0x000001cc71821fd0 ConcurrentGCThread "G1 Refine#0"               [id=21032, stack(0x0000001482500000,0x0000001482600000) (1024K)]
  0x000001cc71822be0 ConcurrentGCThread "G1 Service"                [id=6480, stack(0x0000001482600000,0x0000001482700000) (1024K)]
Total: 7

Threads with active compile tasks:
Total: 0

VM state: not at safepoint (normal execution)

VM Mutex/Monitor currently owned by a thread: None

Heap address: 0x000000064b000000, size: 6992 MB, Compressed Oops mode: Zero based, Oop shift amount: 3

CDS archive(s) mapped at: [0x0000000095000000-0x0000000095dd0000-0x0000000095dd0000), size 14483456, SharedBaseAddress: 0x0000000095000000, ArchiveRelocationMode: 1.
Compressed class space mapped at: 0x0000000096000000-0x00000000d6000000, reserved size: 1073741824
UseCompressedClassPointers 1, UseCompactObjectHeaders 0
Narrow klass pointer bits 32, Max shift 3
Narrow klass base: 0x0000000095000000, Narrow klass shift: 0
Encoding Range: [0x0000000095000000 - 0x0000000195000000), (4294967296 bytes)
Klass Range:    [0x0000000095010000 - 0x00000000d6000000), (1090453504 bytes)
Klass ID Range:  [65536 - 1090519033) (1090453497)
Protection zone: [0x0000000095000000 - 0x0000000095010000), (65536 bytes)

GC Precious Log:
 CardTable entry size: 512
 Card Set container configuration: InlinePtr #cards 4 size 8 Array Of Cards #cards 32 size 80 Howl #buckets 8 coarsen threshold 7372 Howl Bitmap #cards 1024 size 144 coarsen threshold 921 Card regions per heap region 1 cards per card region 8192
 CPUs: 16 total, 16 available
 Memory: 27960M
 Large Page Support: Disabled
 NUMA Support: Disabled
 Compressed Oops: Enabled (Zero based)
 Heap Region Size: 4M
 Heap Min Capacity: 8M
 Heap Initial Capacity: 440M
 Heap Max Capacity: 6992M
 Pre-touch: Disabled
 Parallel Workers: 13
 Concurrent Workers: 3
 Concurrent Refinement Workers: 13
 Periodic GC: Disabled

Heap:
 garbage-first heap   total reserved 7159808K, committed 454656K, used 46227K [0x000000064b000000, 0x0000000800000000)
  region size 4096K, 12 young (49152K), 0 survivors (0K)

Heap Regions: E=young(eden), S=young(survivor), O=old, HS=humongous(starts), HC=humongous(continues), CS=collection set, F=free, TAMS=top-at-mark-start, PB=parsable bottom
|   0|0x000000064b000000, 0x000000064b000000, 0x000000064b400000|  0%| F|  |TAMS 0x000000064b000000| PB 0x000000064b000000| Untracked |  0
|   1|0x000000064b400000, 0x000000064b400000, 0x000000064b800000|  0%| F|  |TAMS 0x000000064b400000| PB 0x000000064b400000| Untracked |  0
|   2|0x000000064b800000, 0x000000064b800000, 0x000000064bc00000|  0%| F|  |TAMS 0x000000064b800000| PB 0x000000064b800000| Untracked |  0
|   3|0x000000064bc00000, 0x000000064bc00000, 0x000000064c000000|  0%| F|  |TAMS 0x000000064bc00000| PB 0x000000064bc00000| Untracked |  0
|   4|0x000000064c000000, 0x000000064c000000, 0x000000064c400000|  0%| F|  |TAMS 0x000000064c000000| PB 0x000000064c000000| Untracked |  0
|   5|0x000000064c400000, 0x000000064c400000, 0x000000064c800000|  0%| F|  |TAMS 0x000000064c400000| PB 0x000000064c400000| Untracked |  0
|   6|0x000000064c800000, 0x000000064c800000, 0x000000064cc00000|  0%| F|  |TAMS 0x000000064c800000| PB 0x000000064c800000| Untracked |  0
|   7|0x000000064cc00000, 0x000000064cc00000, 0x000000064d000000|  0%| F|  |TAMS 0x000000064cc00000| PB 0x000000064cc00000| Untracked |  0
|   8|0x000000064d000000, 0x000000064d000000, 0x000000064d400000|  0%| F|  |TAMS 0x000000064d000000| PB 0x000000064d000000| Untracked |  0
|   9|0x000000064d400000, 0x000000064d400000, 0x000000064d800000|  0%| F|  |TAMS 0x000000064d400000| PB 0x000000064d400000| Untracked |  0
|  10|0x000000064d800000, 0x000000064d800000, 0x000000064dc00000|  0%| F|  |TAMS 0x000000064d800000| PB 0x000000064d800000| Untracked |  0
|  11|0x000000064dc00000, 0x000000064dc00000, 0x000000064e000000|  0%| F|  |TAMS 0x000000064dc00000| PB 0x000000064dc00000| Untracked |  0
|  12|0x000000064e000000, 0x000000064e000000, 0x000000064e400000|  0%| F|  |TAMS 0x000000064e000000| PB 0x000000064e000000| Untracked |  0
|  13|0x000000064e400000, 0x000000064e400000, 0x000000064e800000|  0%| F|  |TAMS 0x000000064e400000| PB 0x000000064e400000| Untracked |  0
|  14|0x000000064e800000, 0x000000064e800000, 0x000000064ec00000|  0%| F|  |TAMS 0x000000064e800000| PB 0x000000064e800000| Untracked |  0
|  15|0x000000064ec00000, 0x000000064ec00000, 0x000000064f000000|  0%| F|  |TAMS 0x000000064ec00000| PB 0x000000064ec00000| Untracked |  0
|  16|0x000000064f000000, 0x000000064f000000, 0x000000064f400000|  0%| F|  |TAMS 0x000000064f000000| PB 0x000000064f000000| Untracked |  0
|  17|0x000000064f400000, 0x000000064f400000, 0x000000064f800000|  0%| F|  |TAMS 0x000000064f400000| PB 0x000000064f400000| Untracked |  0
|  18|0x000000064f800000, 0x000000064f800000, 0x000000064fc00000|  0%| F|  |TAMS 0x000000064f800000| PB 0x000000064f800000| Untracked |  0
|  19|0x000000064fc00000, 0x000000064fc00000, 0x0000000650000000|  0%| F|  |TAMS 0x000000064fc00000| PB 0x000000064fc00000| Untracked |  0
|  20|0x0000000650000000, 0x0000000650000000, 0x0000000650400000|  0%| F|  |TAMS 0x0000000650000000| PB 0x0000000650000000| Untracked |  0
|  21|0x0000000650400000, 0x0000000650400000, 0x0000000650800000|  0%| F|  |TAMS 0x0000000650400000| PB 0x0000000650400000| Untracked |  0
|  22|0x0000000650800000, 0x0000000650800000, 0x0000000650c00000|  0%| F|  |TAMS 0x0000000650800000| PB 0x0000000650800000| Untracked |  0
|  23|0x0000000650c00000, 0x0000000650c00000, 0x0000000651000000|  0%| F|  |TAMS 0x0000000650c00000| PB 0x0000000650c00000| Untracked |  0
|  24|0x0000000651000000, 0x0000000651000000, 0x0000000651400000|  0%| F|  |TAMS 0x0000000651000000| PB 0x0000000651000000| Untracked |  0
|  25|0x0000000651400000, 0x0000000651400000, 0x0000000651800000|  0%| F|  |TAMS 0x0000000651400000| PB 0x0000000651400000| Untracked |  0
|  26|0x0000000651800000, 0x0000000651800000, 0x0000000651c00000|  0%| F|  |TAMS 0x0000000651800000| PB 0x0000000651800000| Untracked |  0
|  27|0x0000000651c00000, 0x0000000651c00000, 0x0000000652000000|  0%| F|  |TAMS 0x0000000651c00000| PB 0x0000000651c00000| Untracked |  0
|  28|0x0000000652000000, 0x0000000652000000, 0x0000000652400000|  0%| F|  |TAMS 0x0000000652000000| PB 0x0000000652000000| Untracked |  0
|  29|0x0000000652400000, 0x0000000652400000, 0x0000000652800000|  0%| F|  |TAMS 0x0000000652400000| PB 0x0000000652400000| Untracked |  0
|  30|0x0000000652800000, 0x0000000652800000, 0x0000000652c00000|  0%| F|  |TAMS 0x0000000652800000| PB 0x0000000652800000| Untracked |  0
|  31|0x0000000652c00000, 0x0000000652c00000, 0x0000000653000000|  0%| F|  |TAMS 0x0000000652c00000| PB 0x0000000652c00000| Untracked |  0
|  32|0x0000000653000000, 0x0000000653000000, 0x0000000653400000|  0%| F|  |TAMS 0x0000000653000000| PB 0x0000000653000000| Untracked |  0
|  33|0x0000000653400000, 0x0000000653400000, 0x0000000653800000|  0%| F|  |TAMS 0x0000000653400000| PB 0x0000000653400000| Untracked |  0
|  34|0x0000000653800000, 0x0000000653800000, 0x0000000653c00000|  0%| F|  |TAMS 0x0000000653800000| PB 0x0000000653800000| Untracked |  0
|  35|0x0000000653c00000, 0x0000000653c00000, 0x0000000654000000|  0%| F|  |TAMS 0x0000000653c00000| PB 0x0000000653c00000| Untracked |  0
|  36|0x0000000654000000, 0x0000000654000000, 0x0000000654400000|  0%| F|  |TAMS 0x0000000654000000| PB 0x0000000654000000| Untracked |  0
|  37|0x0000000654400000, 0x0000000654400000, 0x0000000654800000|  0%| F|  |TAMS 0x0000000654400000| PB 0x0000000654400000| Untracked |  0
|  38|0x0000000654800000, 0x0000000654800000, 0x0000000654c00000|  0%| F|  |TAMS 0x0000000654800000| PB 0x0000000654800000| Untracked |  0
|  39|0x0000000654c00000, 0x0000000654c00000, 0x0000000655000000|  0%| F|  |TAMS 0x0000000654c00000| PB 0x0000000654c00000| Untracked |  0
|  40|0x0000000655000000, 0x0000000655000000, 0x0000000655400000|  0%| F|  |TAMS 0x0000000655000000| PB 0x0000000655000000| Untracked |  0
|  41|0x0000000655400000, 0x0000000655400000, 0x0000000655800000|  0%| F|  |TAMS 0x0000000655400000| PB 0x0000000655400000| Untracked |  0
|  42|0x0000000655800000, 0x0000000655800000, 0x0000000655c00000|  0%| F|  |TAMS 0x0000000655800000| PB 0x0000000655800000| Untracked |  0
|  43|0x0000000655c00000, 0x0000000655c00000, 0x0000000656000000|  0%| F|  |TAMS 0x0000000655c00000| PB 0x0000000655c00000| Untracked |  0
|  44|0x0000000656000000, 0x0000000656000000, 0x0000000656400000|  0%| F|  |TAMS 0x0000000656000000| PB 0x0000000656000000| Untracked |  0
|  45|0x0000000656400000, 0x0000000656400000, 0x0000000656800000|  0%| F|  |TAMS 0x0000000656400000| PB 0x0000000656400000| Untracked |  0
|  46|0x0000000656800000, 0x0000000656800000, 0x0000000656c00000|  0%| F|  |TAMS 0x0000000656800000| PB 0x0000000656800000| Untracked |  0
|  47|0x0000000656c00000, 0x0000000656c00000, 0x0000000657000000|  0%| F|  |TAMS 0x0000000656c00000| PB 0x0000000656c00000| Untracked |  0
|  48|0x0000000657000000, 0x0000000657000000, 0x0000000657400000|  0%| F|  |TAMS 0x0000000657000000| PB 0x0000000657000000| Untracked |  0
|  49|0x0000000657400000, 0x0000000657400000, 0x0000000657800000|  0%| F|  |TAMS 0x0000000657400000| PB 0x0000000657400000| Untracked |  0
|  50|0x0000000657800000, 0x0000000657800000, 0x0000000657c00000|  0%| F|  |TAMS 0x0000000657800000| PB 0x0000000657800000| Untracked |  0
|  51|0x0000000657c00000, 0x0000000657c00000, 0x0000000658000000|  0%| F|  |TAMS 0x0000000657c00000| PB 0x0000000657c00000| Untracked |  0
|  52|0x0000000658000000, 0x0000000658000000, 0x0000000658400000|  0%| F|  |TAMS 0x0000000658000000| PB 0x0000000658000000| Untracked |  0
|  53|0x0000000658400000, 0x0000000658400000, 0x0000000658800000|  0%| F|  |TAMS 0x0000000658400000| PB 0x0000000658400000| Untracked |  0
|  54|0x0000000658800000, 0x0000000658800000, 0x0000000658c00000|  0%| F|  |TAMS 0x0000000658800000| PB 0x0000000658800000| Untracked |  0
|  55|0x0000000658c00000, 0x0000000658c00000, 0x0000000659000000|  0%| F|  |TAMS 0x0000000658c00000| PB 0x0000000658c00000| Untracked |  0
|  56|0x0000000659000000, 0x0000000659000000, 0x0000000659400000|  0%| F|  |TAMS 0x0000000659000000| PB 0x0000000659000000| Untracked |  0
|  57|0x0000000659400000, 0x0000000659400000, 0x0000000659800000|  0%| F|  |TAMS 0x0000000659400000| PB 0x0000000659400000| Untracked |  0
|  58|0x0000000659800000, 0x0000000659800000, 0x0000000659c00000|  0%| F|  |TAMS 0x0000000659800000| PB 0x0000000659800000| Untracked |  0
|  59|0x0000000659c00000, 0x0000000659c00000, 0x000000065a000000|  0%| F|  |TAMS 0x0000000659c00000| PB 0x0000000659c00000| Untracked |  0
|  60|0x000000065a000000, 0x000000065a000000, 0x000000065a400000|  0%| F|  |TAMS 0x000000065a000000| PB 0x000000065a000000| Untracked |  0
|  61|0x000000065a400000, 0x000000065a400000, 0x000000065a800000|  0%| F|  |TAMS 0x000000065a400000| PB 0x000000065a400000| Untracked |  0
|  62|0x000000065a800000, 0x000000065a800000, 0x000000065ac00000|  0%| F|  |TAMS 0x000000065a800000| PB 0x000000065a800000| Untracked |  0
|  63|0x000000065ac00000, 0x000000065ac00000, 0x000000065b000000|  0%| F|  |TAMS 0x000000065ac00000| PB 0x000000065ac00000| Untracked |  0
|  64|0x000000065b000000, 0x000000065b000000, 0x000000065b400000|  0%| F|  |TAMS 0x000000065b000000| PB 0x000000065b000000| Untracked |  0
|  65|0x000000065b400000, 0x000000065b400000, 0x000000065b800000|  0%| F|  |TAMS 0x000000065b400000| PB 0x000000065b400000| Untracked |  0
|  66|0x000000065b800000, 0x000000065b800000, 0x000000065bc00000|  0%| F|  |TAMS 0x000000065b800000| PB 0x000000065b800000| Untracked |  0
|  67|0x000000065bc00000, 0x000000065bc00000, 0x000000065c000000|  0%| F|  |TAMS 0x000000065bc00000| PB 0x000000065bc00000| Untracked |  0
|  68|0x000000065c000000, 0x000000065c000000, 0x000000065c400000|  0%| F|  |TAMS 0x000000065c000000| PB 0x000000065c000000| Untracked |  0
|  69|0x000000065c400000, 0x000000065c400000, 0x000000065c800000|  0%| F|  |TAMS 0x000000065c400000| PB 0x000000065c400000| Untracked |  0
|  70|0x000000065c800000, 0x000000065c800000, 0x000000065cc00000|  0%| F|  |TAMS 0x000000065c800000| PB 0x000000065c800000| Untracked |  0
|  71|0x000000065cc00000, 0x000000065cc00000, 0x000000065d000000|  0%| F|  |TAMS 0x000000065cc00000| PB 0x000000065cc00000| Untracked |  0
|  72|0x000000065d000000, 0x000000065d000000, 0x000000065d400000|  0%| F|  |TAMS 0x000000065d000000| PB 0x000000065d000000| Untracked |  0
|  73|0x000000065d400000, 0x000000065d400000, 0x000000065d800000|  0%| F|  |TAMS 0x000000065d400000| PB 0x000000065d400000| Untracked |  0
|  74|0x000000065d800000, 0x000000065d800000, 0x000000065dc00000|  0%| F|  |TAMS 0x000000065d800000| PB 0x000000065d800000| Untracked |  0
|  75|0x000000065dc00000, 0x000000065dc00000, 0x000000065e000000|  0%| F|  |TAMS 0x000000065dc00000| PB 0x000000065dc00000| Untracked |  0
|  76|0x000000065e000000, 0x000000065e000000, 0x000000065e400000|  0%| F|  |TAMS 0x000000065e000000| PB 0x000000065e000000| Untracked |  0
|  77|0x000000065e400000, 0x000000065e400000, 0x000000065e800000|  0%| F|  |TAMS 0x000000065e400000| PB 0x000000065e400000| Untracked |  0
|  78|0x000000065e800000, 0x000000065e800000, 0x000000065ec00000|  0%| F|  |TAMS 0x000000065e800000| PB 0x000000065e800000| Untracked |  0
|  79|0x000000065ec00000, 0x000000065ec00000, 0x000000065f000000|  0%| F|  |TAMS 0x000000065ec00000| PB 0x000000065ec00000| Untracked |  0
|  80|0x000000065f000000, 0x000000065f000000, 0x000000065f400000|  0%| F|  |TAMS 0x000000065f000000| PB 0x000000065f000000| Untracked |  0
|  81|0x000000065f400000, 0x000000065f400000, 0x000000065f800000|  0%| F|  |TAMS 0x000000065f400000| PB 0x000000065f400000| Untracked |  0
|  82|0x000000065f800000, 0x000000065f800000, 0x000000065fc00000|  0%| F|  |TAMS 0x000000065f800000| PB 0x000000065f800000| Untracked |  0
|  83|0x000000065fc00000, 0x000000065fc00000, 0x0000000660000000|  0%| F|  |TAMS 0x000000065fc00000| PB 0x000000065fc00000| Untracked |  0
|  84|0x0000000660000000, 0x0000000660000000, 0x0000000660400000|  0%| F|  |TAMS 0x0000000660000000| PB 0x0000000660000000| Untracked |  0
|  85|0x0000000660400000, 0x0000000660400000, 0x0000000660800000|  0%| F|  |TAMS 0x0000000660400000| PB 0x0000000660400000| Untracked |  0
|  86|0x0000000660800000, 0x0000000660800000, 0x0000000660c00000|  0%| F|  |TAMS 0x0000000660800000| PB 0x0000000660800000| Untracked |  0
|  87|0x0000000660c00000, 0x0000000660c00000, 0x0000000661000000|  0%| F|  |TAMS 0x0000000660c00000| PB 0x0000000660c00000| Untracked |  0
|  88|0x0000000661000000, 0x0000000661000000, 0x0000000661400000|  0%| F|  |TAMS 0x0000000661000000| PB 0x0000000661000000| Untracked |  0
|  89|0x0000000661400000, 0x0000000661400000, 0x0000000661800000|  0%| F|  |TAMS 0x0000000661400000| PB 0x0000000661400000| Untracked |  0
|  90|0x0000000661800000, 0x0000000661800000, 0x0000000661c00000|  0%| F|  |TAMS 0x0000000661800000| PB 0x0000000661800000| Untracked |  0
|  91|0x0000000661c00000, 0x0000000661c00000, 0x0000000662000000|  0%| F|  |TAMS 0x0000000661c00000| PB 0x0000000661c00000| Untracked |  0
|  92|0x0000000662000000, 0x0000000662000000, 0x0000000662400000|  0%| F|  |TAMS 0x0000000662000000| PB 0x0000000662000000| Untracked |  0
|  93|0x0000000662400000, 0x0000000662400000, 0x0000000662800000|  0%| F|  |TAMS 0x0000000662400000| PB 0x0000000662400000| Untracked |  0
|  94|0x0000000662800000, 0x0000000662800000, 0x0000000662c00000|  0%| F|  |TAMS 0x0000000662800000| PB 0x0000000662800000| Untracked |  0
|  95|0x0000000662c00000, 0x0000000662c00000, 0x0000000663000000|  0%| F|  |TAMS 0x0000000662c00000| PB 0x0000000662c00000| Untracked |  0
|  96|0x0000000663000000, 0x0000000663000000, 0x0000000663400000|  0%| F|  |TAMS 0x0000000663000000| PB 0x0000000663000000| Untracked |  0
|  97|0x0000000663400000, 0x0000000663400000, 0x0000000663800000|  0%| F|  |TAMS 0x0000000663400000| PB 0x0000000663400000| Untracked |  0
|  98|0x0000000663800000, 0x0000000663c00000, 0x0000000663c00000|100%| E|  |TAMS 0x0000000663800000| PB 0x0000000663800000| Complete |  0
|  99|0x0000000663c00000, 0x0000000664000000, 0x0000000664000000|100%| E|CS|TAMS 0x0000000663c00000| PB 0x0000000663c00000| Complete |  0
| 100|0x0000000664000000, 0x0000000664400000, 0x0000000664400000|100%| E|CS|TAMS 0x0000000664000000| PB 0x0000000664000000| Complete |  0
| 101|0x0000000664400000, 0x0000000664800000, 0x0000000664800000|100%| E|CS|TAMS 0x0000000664400000| PB 0x0000000664400000| Complete |  0
| 102|0x0000000664800000, 0x0000000664c00000, 0x0000000664c00000|100%| E|CS|TAMS 0x0000000664800000| PB 0x0000000664800000| Complete |  0
| 103|0x0000000664c00000, 0x0000000665000000, 0x0000000665000000|100%| E|CS|TAMS 0x0000000664c00000| PB 0x0000000664c00000| Complete |  0
| 104|0x0000000665000000, 0x0000000665400000, 0x0000000665400000|100%| E|CS|TAMS 0x0000000665000000| PB 0x0000000665000000| Complete |  0
| 105|0x0000000665400000, 0x0000000665800000, 0x0000000665800000|100%| E|CS|TAMS 0x0000000665400000| PB 0x0000000665400000| Complete |  0
| 106|0x0000000665800000, 0x0000000665c00000, 0x0000000665c00000|100%| E|CS|TAMS 0x0000000665800000| PB 0x0000000665800000| Complete |  0
| 107|0x0000000665c00000, 0x0000000666000000, 0x0000000666000000|100%| E|CS|TAMS 0x0000000665c00000| PB 0x0000000665c00000| Complete |  0
| 108|0x0000000666000000, 0x0000000666400000, 0x0000000666400000|100%| E|CS|TAMS 0x0000000666000000| PB 0x0000000666000000| Complete |  0
| 109|0x0000000666400000, 0x0000000666800000, 0x0000000666800000|100%| E|CS|TAMS 0x0000000666400000| PB 0x0000000666400000| Complete |  0
|1747|0x00000007ffc00000, 0x00000007ffd24ea8, 0x0000000800000000| 28%| O|  |TAMS 0x00000007ffc00000| PB 0x00000007ffc00000| Untracked |  0

Card table byte_map: [0x000001cc67a00000,0x000001cc687b0000] _byte_map_base: 0x000001cc647a8000

Marking Bits: (CMBitMap*) 0x000001cc4cce9980
 Bits: [0x000001cc687b0000, 0x000001cc6f4f0000)

Polling page: 0x000001cc4cd10000

Metaspace:
Metaspace        used 14644K, committed 14912K, reserved 1114112K
 class space     used 1135K, committed 1280K, reserved 1048576K

Usage:
  Non-class:     13.19 MB used.
      Class:      1.11 MB used.
       Both:     14.30 MB used.

Virtual space:
  Non-class space:       64.00 MB reserved,      13.31 MB ( 21%) committed,  1 nodes.
      Class space:        1.00 GB reserved,       1.25 MB ( <1%) committed,  1 nodes.
             Both:        1.06 GB reserved,      14.56 MB (  1%) committed. 

Chunk freelists:
   Non-Class:  2.23 MB
       Class:  14.67 MB
        Both:  16.91 MB

MaxMetaspaceSize: unlimited
CompressedClassSpaceSize: 1.00 GB
Initial GC threshold: 21.00 MB
Current GC threshold: 21.00 MB
CDS: on
 - commit_granule_bytes: 65536.
 - commit_granule_words: 8192.
 - virtual_space_node_default_size: 8388608.
 - enlarge_chunks_in_place: 1.
UseCompressedClassPointers 1, UseCompactObjectHeaders 0
Narrow klass pointer bits 32, Max shift 3
Narrow klass base: 0x0000000095000000, Narrow klass shift: 0
Encoding Range: [0x0000000095000000 - 0x0000000195000000), (4294967296 bytes)
Klass Range:    [0x0000000095010000 - 0x00000000d6000000), (1090453504 bytes)
Klass ID Range:  [65536 - 1090519033) (1090453497)
Protection zone: [0x0000000095000000 - 0x0000000095010000), (65536 bytes)


Internal statistics:

num_allocs_failed_limit: 0.
num_arena_births: 68.
num_arena_deaths: 0.
num_vsnodes_births: 2.
num_vsnodes_deaths: 0.
num_space_committed: 233.
num_space_uncommitted: 0.
num_chunks_returned_to_freelist: 0.
num_chunks_taken_from_freelist: 301.
num_chunk_merges: 0.
num_chunk_splits: 248.
num_chunks_enlarged: 223.
num_inconsistent_stats: 0.

CodeHeap 'non-profiled nmethods': size=119232Kb used=603Kb max_used=603Kb free=118628Kb
 bounds [0x000001cc5e820000, 0x000001cc5ea90000, 0x000001cc65c90000]
CodeHeap 'profiled nmethods': size=119104Kb used=3197Kb max_used=3197Kb free=115906Kb
 bounds [0x000001cc56c90000, 0x000001cc56fb0000, 0x000001cc5e0e0000]
CodeHeap 'non-nmethods': size=7424Kb used=3167Kb max_used=3182Kb free=4256Kb
 bounds [0x000001cc5e0e0000, 0x000001cc5e410000, 0x000001cc5e820000]
CodeCache: size=245760Kb, used=6967Kb, max_used=6982Kb, free=238790Kb
 total_blobs=2776, nmethods=2169, adapters=507, full_count=0
Compilation: enabled, stopped_count=0, restarted_count=0

Compilation events (20 events):
Event: 1.950 Thread 0x000001cc7269c9e0 2160       3       com.fasterxml.jackson.core.JsonStreamContext::inObject (14 bytes)
Event: 1.950 Thread 0x000001cc7269c9e0 nmethod 2160 0x000001cc56facd88 code [0x000001cc56face80, 0x000001cc56facfd8]
Event: 1.951 Thread 0x000001cc778726b0 2162       3       com.fasterxml.jackson.databind.node.ArrayNode::_add (13 bytes)
Event: 1.951 Thread 0x000001cc719bc850 2161       3       com.fasterxml.jackson.databind.node.ArrayNode::add (17 bytes)
Event: 1.951 Thread 0x000001cc778726b0 nmethod 2162 0x000001cc56fad088 code [0x000001cc56fad180, 0x000001cc56fad360]
Event: 1.951 Thread 0x000001cc719bc850 nmethod 2161 0x000001cc56fad388 code [0x000001cc56fad480, 0x000001cc56fad860]
Event: 1.958 Thread 0x000001cc719bc850 2163       3       jdk.internal.module.SystemModuleFinders$SystemImage::reader (4 bytes)
Event: 1.958 Thread 0x000001cc778726b0 2164       3       jdk.internal.jimage.ImageReader::requireOpen (18 bytes)
Event: 1.958 Thread 0x000001cc719bc850 nmethod 2163 0x000001cc56fad888 code [0x000001cc56fad980, 0x000001cc56fada70]
Event: 1.958 Thread 0x000001cc7260de80 2165       3       jdk.internal.loader.BuiltinClassLoader::moduleReaderFor (45 bytes)
Event: 1.958 Thread 0x000001cc778726b0 nmethod 2164 0x000001cc56fadb88 code [0x000001cc56fadc80, 0x000001cc56fade98]
Event: 1.958 Thread 0x000001cc7269c9e0 2166       3       jdk.internal.jimage.BasicImageReader::getLocationIndex (52 bytes)
Event: 1.958 Thread 0x000001cc719bc850 2167       3       jdk.internal.jimage.ImageStringsReader::hashCode (8 bytes)
Event: 1.958 Thread 0x000001cc719bc850 nmethod 2167 0x000001cc56fadf08 code [0x000001cc56fae000, 0x000001cc56fae1b8]
Event: 1.958 Thread 0x000001cc719bc850 2168       3       java.util.Optional::empty (6 bytes)
Event: 1.958 Thread 0x000001cc7260de80 nmethod 2165 0x000001cc56fae208 code [0x000001cc56fae300, 0x000001cc56fae9a0]
Event: 1.958 Thread 0x000001cc719bc850 nmethod 2168 0x000001cc56faea08 code [0x000001cc56faeb00, 0x000001cc56faebf0]
Event: 1.959 Thread 0x000001cc7269c9e0 nmethod 2166 0x000001cc56faed08 code [0x000001cc56faee00, 0x000001cc56faf2f0]
Event: 1.960 Thread 0x000001cc7269c9e0 2169       3       java.io.WinNTFileSystem::isSlash (18 bytes)
Event: 1.961 Thread 0x000001cc7269c9e0 nmethod 2169 0x000001cc56faf308 code [0x000001cc56faf400, 0x000001cc56faf588]

GC Heap Usage History (0 events):
No events

Metaspace Usage History (0 events):
No events

Dll operation events (11 events):
Event: 0.014 Loaded shared library C:\Users\Maxence\.jdks\openjdk-25.0.1\bin\java.dll
Event: 0.131 Loaded shared library C:\Users\Maxence\.jdks\openjdk-25.0.1\bin\zip.dll
Event: 0.135 Loaded shared library C:\Users\Maxence\.jdks\openjdk-25.0.1\bin\instrument.dll
Event: 0.142 Loaded shared library C:\Users\Maxence\.jdks\openjdk-25.0.1\bin\net.dll
Event: 0.145 Loaded shared library C:\Users\Maxence\.jdks\openjdk-25.0.1\bin\nio.dll
Event: 0.148 Loaded shared library C:\Users\Maxence\.jdks\openjdk-25.0.1\bin\zip.dll
Event: 0.230 Loaded shared library C:\Users\Maxence\.jdks\openjdk-25.0.1\bin\extnet.dll
Event: 0.317 Loaded shared library C:\Users\Maxence\.jdks\openjdk-25.0.1\bin\jimage.dll
Event: 0.381 Loaded shared library C:\Users\Maxence\.jdks\openjdk-25.0.1\bin\sunmscapi.dll
Event: 1.954 Loaded shared library C:\Users\Maxence\.jdks\openjdk-25.0.1\bin\verify.dll
Event: 2.043 Loaded shared library C:\Users\Maxence\.jssc\windows\jSSC-2.8_x86_64.dll

Deoptimization events (20 events):
Event: 1.358 Thread 0x000001cc4c577b30 DEOPT PACKING pc=0x000001cc5e8a791c sp=0x00000014821fd710
Event: 1.358 Thread 0x000001cc4c577b30 DEOPT UNPACKING pc=0x000001cc5e1ff882 sp=0x00000014821fd618 mode 2
Event: 1.433 Thread 0x000001cc783183b0 DEOPT PACKING pc=0x000001cc56f27ac5 sp=0x0000001483dfe4a0
Event: 1.433 Thread 0x000001cc783183b0 DEOPT UNPACKING pc=0x000001cc5e131702 sp=0x0000001483dfd8d0 mode 0
Event: 1.865 Thread 0x000001cc4c577b30 Uncommon trap: trap_request=0xffffffc6 fr.pc=0x000001cc5e86e5d8 relative=0x00000000000002d8
Event: 1.865 Thread 0x000001cc4c577b30 Uncommon trap: reason=bimorphic_or_optimized_type_check action=maybe_recompile pc=0x000001cc5e86e5d8 method=java.util.HashMap.getNode(Ljava/lang/Object;)Ljava/util/HashMap$Node; @ 128 c2
Event: 1.865 Thread 0x000001cc4c577b30 DEOPT PACKING pc=0x000001cc5e86e5d8 sp=0x00000014821fe160
Event: 1.865 Thread 0x000001cc4c577b30 DEOPT UNPACKING pc=0x000001cc5e1ff882 sp=0x00000014821fe0c8 mode 2
Event: 1.865 Thread 0x000001cc4c577b30 Uncommon trap: trap_request=0xffffffc6 fr.pc=0x000001cc5e86e5d8 relative=0x00000000000002d8
Event: 1.865 Thread 0x000001cc4c577b30 Uncommon trap: reason=bimorphic_or_optimized_type_check action=maybe_recompile pc=0x000001cc5e86e5d8 method=java.util.HashMap.getNode(Ljava/lang/Object;)Ljava/util/HashMap$Node; @ 128 c2
Event: 1.865 Thread 0x000001cc4c577b30 DEOPT PACKING pc=0x000001cc5e86e5d8 sp=0x00000014821fe160
Event: 1.865 Thread 0x000001cc4c577b30 DEOPT UNPACKING pc=0x000001cc5e1ff882 sp=0x00000014821fe0c8 mode 2
Event: 1.961 Thread 0x000001cc4c577b30 Uncommon trap: trap_request=0xffffffc6 fr.pc=0x000001cc5e88b738 relative=0x00000000000002b8
Event: 1.961 Thread 0x000001cc4c577b30 Uncommon trap: reason=bimorphic_or_optimized_type_check action=maybe_recompile pc=0x000001cc5e88b738 method=java.util.HashMap.getNode(Ljava/lang/Object;)Ljava/util/HashMap$Node; @ 128 c2
Event: 1.961 Thread 0x000001cc4c577b30 DEOPT PACKING pc=0x000001cc5e88b738 sp=0x00000014821fe650
Event: 1.961 Thread 0x000001cc4c577b30 DEOPT UNPACKING pc=0x000001cc5e1ff882 sp=0x00000014821fe558 mode 2
Event: 1.961 Thread 0x000001cc4c577b30 Uncommon trap: trap_request=0xffffff45 fr.pc=0x000001cc5e873c0c relative=0x000000000000068c
Event: 1.961 Thread 0x000001cc4c577b30 Uncommon trap: reason=unstable_if action=reinterpret pc=0x000001cc5e873c0c method=java.util.jar.JarFile.checkForSpecialAttributes()V @ 4 c2
Event: 1.961 Thread 0x000001cc4c577b30 DEOPT PACKING pc=0x000001cc5e873c0c sp=0x00000014821fe9e0
Event: 1.961 Thread 0x000001cc4c577b30 DEOPT UNPACKING pc=0x000001cc5e1ff882 sp=0x00000014821fe8d8 mode 2

Classes loaded (20 events):
Event: 1.959 Loading class java/net/JarURLConnection done
Event: 1.959 Loading class sun/net/www/protocol/jar/JarURLConnection done
Event: 1.959 Loading class sun/net/www/protocol/jar/JarFileFactory
Event: 1.959 Loading class sun/net/www/protocol/jar/URLJarFile$URLJarFileCloseController
Event: 1.959 Loading class sun/net/www/protocol/jar/URLJarFile$URLJarFileCloseController done
Event: 1.959 Loading class sun/net/www/protocol/jar/JarFileFactory done
Event: 1.959 Loading class sun/net/www/protocol/file/FileURLConnection
Event: 1.959 Loading class sun/net/www/URLConnection
Event: 1.959 Loading class sun/net/www/URLConnection done
Event: 1.959 Loading class sun/net/www/protocol/file/FileURLConnection done
Event: 1.959 Loading class sun/net/www/MessageHeader
Event: 1.960 Loading class sun/net/www/MessageHeader done
Event: 1.960 Loading class sun/net/www/protocol/jar/URLJarFile
Event: 1.960 Loading class sun/net/www/protocol/jar/URLJarFile done
Event: 1.961 Loading class sun/net/www/protocol/jar/URLJarFile$URLJarFileEntry
Event: 1.961 Loading class sun/net/www/protocol/jar/URLJarFile$URLJarFileEntry done
Event: 1.961 Loading class sun/net/www/protocol/jar/JarURLConnection$JarURLInputStream
Event: 1.961 Loading class sun/net/www/protocol/jar/JarURLConnection$JarURLInputStream done
Event: 1.963 Loading class java/io/FileOutputStream$1
Event: 1.963 Loading class java/io/FileOutputStream$1 done

Classes unloaded (0 events):
No events

Classes redefined (0 events):
No events

Internal exceptions (15 events):
Event: 0.201 Thread 0x000001cc4c577b30 Exception <a 'java/lang/NoSuchMethodError'{0x0000000666235020}: 'void java.lang.invoke.DirectMethodHandle$Holder.invokeStatic(java.lang.Object, java.lang.Object, java.lang.Object)'> (0x0000000666235020) 
thrown [s\open\src\hotspot\share\interpreter\linkResolver.cpp, line 804]
Event: 0.209 Thread 0x000001cc4c577b30 Exception <a 'java/lang/NoSuchMethodError'{0x0000000666269eb8}: 'java.lang.Object java.lang.invoke.Invokers$Holder.invokeExact_MT(java.lang.Object, java.lang.Object, java.lang.Object, java.lang.Object, java.lang.Object)'> (0x0000000666269eb8) 
thrown [s\open\src\hotspot\share\interpreter\linkResolver.cpp, line 804]
Event: 0.228 Thread 0x000001cc727dd430 Exception <a 'java/lang/NoSuchMethodError'{0x00000006662f08a0}: 'java.lang.Object java.lang.invoke.DirectMethodHandle$Holder.invokeStaticInit(java.lang.Object)'> (0x00000006662f08a0) 
thrown [s\open\src\hotspot\share\interpreter\linkResolver.cpp, line 804]
Event: 0.232 Thread 0x000001cc727dd430 Exception <a 'java/lang/NoSuchMethodError'{0x00000006662fb530}: 'void java.lang.invoke.DirectMethodHandle$Holder.invokeStatic(java.lang.Object, java.lang.Object)'> (0x00000006662fb530) 
thrown [s\open\src\hotspot\share\interpreter\linkResolver.cpp, line 804]
Event: 0.303 Thread 0x000001cc4c577b30 Exception <a 'java/lang/NoSuchMethodError'{0x000000066580b190}: 'java.lang.Object java.lang.invoke.DirectMethodHandle$Holder.invokeStatic(java.lang.Object, java.lang.Object, int, java.lang.Object)'> (0x000000066580b190) 
thrown [s\open\src\hotspot\share\interpreter\linkResolver.cpp, line 804]
Event: 0.305 Thread 0x000001cc4c577b30 Exception <a 'java/lang/NoSuchMethodError'{0x000000066581a968}: 'java.lang.Object java.lang.invoke.DirectMethodHandle$Holder.newInvokeSpecial(java.lang.Object, java.lang.Object, int)'> (0x000000066581a968) 
thrown [s\open\src\hotspot\share\interpreter\linkResolver.cpp, line 804]
Event: 0.406 Thread 0x000001cc4c577b30 Exception <a 'java/lang/NoSuchMethodError'{0x0000000665566620}: 'void java.lang.invoke.DirectMethodHandle$Holder.invokeVirtual(java.lang.Object, java.lang.Object)'> (0x0000000665566620) 
thrown [s\open\src\hotspot\share\interpreter\linkResolver.cpp, line 804]
Event: 0.484 Thread 0x000001cc4c577b30 Exception <a 'sun/nio/fs/WindowsException'{0x00000006651c41b8}> (0x00000006651c41b8) 
thrown [s\open\src\hotspot\share\prims\jni.cpp, line 516]
Event: 0.516 Thread 0x000001cc4c577b30 Exception <a 'java/lang/NoSuchMethodError'{0x0000000665279dd8}: 'java.lang.Object java.lang.invoke.DirectMethodHandle$Holder.invokeStaticInit(java.lang.Object, int, int, int, int)'> (0x0000000665279dd8) 
thrown [s\open\src\hotspot\share\interpreter\linkResolver.cpp, line 804]
Event: 0.537 Thread 0x000001cc4c577b30 Exception <a 'java/lang/NoSuchMethodError'{0x00000006652d0828}: 'java.lang.Object java.lang.invoke.DirectMethodHandle$Holder.invokeStaticInit(java.lang.Object, java.lang.Object, int, int, int, int)'> (0x00000006652d0828) 
thrown [s\open\src\hotspot\share\interpreter\linkResolver.cpp, line 804]
Event: 0.555 Thread 0x000001cc4c577b30 Exception <a 'java/lang/NoSuchMethodError'{0x00000006653716a8}: 'void java.lang.invoke.DirectMethodHandle$Holder.invokeStaticInit(java.lang.Object, java.lang.Object, java.lang.Object)'> (0x00000006653716a8) 
thrown [s\open\src\hotspot\share\interpreter\linkResolver.cpp, line 804]
Event: 1.040 Thread 0x000001cc4c577b30 Exception <a 'java/lang/NoSuchMethodError'{0x00000006641c0608}: 'java.lang.Object java.lang.invoke.Invokers$Holder.invoke_MT(java.lang.Object, java.lang.Object, java.lang.Object, java.lang.Object, java.lang.Object, java.lang.Object)'> (0x00000006641c0608) 
thrown [s\open\src\hotspot\share\interpreter\linkResolver.cpp, line 804]
Event: 1.041 Thread 0x000001cc4c577b30 Exception <a 'java/lang/NoSuchMethodError'{0x00000006641c96c0}: 'java.lang.Object java.lang.invoke.DirectMethodHandle$Holder.invokeStatic(java.lang.Object, java.lang.Object, int)'> (0x00000006641c96c0) 
thrown [s\open\src\hotspot\share\interpreter\linkResolver.cpp, line 804]
Event: 1.046 Thread 0x000001cc4c577b30 Exception <a 'java/lang/NoSuchMethodError'{0x00000006641f3e38}: 'void java.lang.invoke.DelegatingMethodHandle$Holder.delegate(java.lang.Object, java.lang.Object, int, java.lang.Object)'> (0x00000006641f3e38) 
thrown [s\open\src\hotspot\share\interpreter\linkResolver.cpp, line 804]
Event: 1.957 Thread 0x000001cc4c577b30 Exception <a 'java/io/IOException'{0x0000000663a9e6d8}> (0x0000000663a9e6d8) 
thrown [s\open\src\hotspot\share\prims\jni.cpp, line 516]

VM Operations (20 events):
Event: 0.418 Executing non-safepoint VM operation: HandshakeAllThreads (Deoptimize)
Event: 0.418 Executing non-safepoint VM operation: HandshakeAllThreads (Deoptimize) done
Event: 0.659 Executing non-safepoint VM operation: HandshakeAllThreads (Deoptimize)
Event: 0.659 Executing non-safepoint VM operation: HandshakeAllThreads (Deoptimize) done
Event: 0.781 Executing non-safepoint VM operation: HandshakeAllThreads (Deoptimize)
Event: 0.781 Executing non-safepoint VM operation: HandshakeAllThreads (Deoptimize) done
Event: 0.895 Executing non-safepoint VM operation: HandshakeAllThreads (Deoptimize)
Event: 0.895 Executing non-safepoint VM operation: HandshakeAllThreads (Deoptimize) done
Event: 0.924 Executing non-safepoint VM operation: HandshakeAllThreads (Deoptimize)
Event: 0.924 Executing non-safepoint VM operation: HandshakeAllThreads (Deoptimize) done
Event: 1.044 Executing non-safepoint VM operation: HandshakeAllThreads (Deoptimize)
Event: 1.044 Executing non-safepoint VM operation: HandshakeAllThreads (Deoptimize) done
Event: 1.288 Executing non-safepoint VM operation: HandshakeAllThreads (Deoptimize)
Event: 1.288 Executing non-safepoint VM operation: HandshakeAllThreads (Deoptimize) done
Event: 1.292 Executing non-safepoint VM operation: HandshakeAllThreads (Deoptimize)
Event: 1.293 Executing non-safepoint VM operation: HandshakeAllThreads (Deoptimize) done
Event: 1.960 Executing non-safepoint VM operation: HandshakeAllThreads (Deoptimize)
Event: 1.960 Executing non-safepoint VM operation: HandshakeAllThreads (Deoptimize) done
Event: 1.960 Executing non-safepoint VM operation: HandshakeAllThreads (Deoptimize)
Event: 1.960 Executing non-safepoint VM operation: HandshakeAllThreads (Deoptimize) done

Memory protections (0 events):
No events

Nmethod flushes (0 events):
No events

Events (20 events):
Event: 0.044 Thread 0x000001cc4c577b30 Thread added: 0x000001cc719805e0
Event: 0.044 Thread 0x000001cc4c577b30 Thread added: 0x000001cc7198ec10
Event: 0.044 Thread 0x000001cc4c577b30 Thread added: 0x000001cc719bc850
Event: 0.086 Thread 0x000001cc719bc850 Thread added: 0x000001cc7260de80
Event: 0.115 Thread 0x000001cc7260de80 Thread added: 0x000001cc7269c9e0
Event: 0.139 Thread 0x000001cc4c577b30 Thread added: 0x000001cc7271df10
Event: 0.158 Thread 0x000001cc7198ec10 Thread added: 0x000001cc7278b910
Event: 0.212 Thread 0x000001cc4c577b30 Thread added: 0x000001cc727dd430
Event: 0.213 Thread 0x000001cc4c577b30 Thread added: 0x000001cc727ddbf0
Event: 0.537 Thread 0x000001cc719bc850 Thread added: 0x000001cc778726b0
Event: 0.780 Thread 0x000001cc719bc850 Thread added: 0x000001cc778ebc40
Event: 1.160 Thread 0x000001cc4c577b30 Thread added: 0x000001cc781643d0
Event: 1.162 Thread 0x000001cc4c577b30 Thread added: 0x000001cc78021710
Event: 1.173 Thread 0x000001cc4c577b30 Thread added: 0x000001cc782fc930
Event: 1.193 Thread 0x000001cc78021710 Thread added: 0x000001cc783183b0
Event: 1.194 Thread 0x000001cc783183b0 Thread added: 0x000001cc78318b70
Event: 1.265 Thread 0x000001cc778ebc40 Thread exited: 0x000001cc778ebc40
Event: 1.435 Thread 0x000001cc78021710 Thread added: 0x000001cc780f9410
Event: 1.807 Thread 0x000001cc7278b910 Thread exited: 0x000001cc7278b910
Event: 1.874 Thread 0x000001cc780f9410 Thread added: 0x000001cc781362d0


Dynamic libraries:
0x00007ff750e30000 - 0x00007ff750e3e000 	C:\Users\Maxence\.jdks\openjdk-25.0.1\bin\java.exe
0x00007ffa24e20000 - 0x00007ffa25087000 	C:\WINDOWS\SYSTEM32\ntdll.dll
0x00007ffa23930000 - 0x00007ffa239f9000 	C:\WINDOWS\System32\KERNEL32.DLL
0x00007ffa224e0000 - 0x00007ffa228cf000 	C:\WINDOWS\System32\KERNELBASE.dll
0x00007ffa22390000 - 0x00007ffa224db000 	C:\WINDOWS\System32\ucrtbase.dll
0x00007ffa1be80000 - 0x00007ffa1be9e000 	C:\Users\Maxence\.jdks\openjdk-25.0.1\bin\VCRUNTIME140.dll
0x00007ffa1bea0000 - 0x00007ffa1beb7000 	C:\Users\Maxence\.jdks\openjdk-25.0.1\bin\jli.dll
0x00007ffa24840000 - 0x00007ffa24a05000 	C:\WINDOWS\System32\USER32.dll
0x00007ffa0f4e0000 - 0x00007ffa0f773000 	C:\WINDOWS\WinSxS\amd64_microsoft.windows.common-controls_6595b64144ccf1df_6.0.26100.7309_none_3e05feeae336a044\COMCTL32.dll
0x00007ffa23d10000 - 0x00007ffa23db9000 	C:\WINDOWS\System32\msvcrt.dll
0x00007ffa22150000 - 0x00007ffa22177000 	C:\WINDOWS\System32\win32u.dll
0x00007ffa23dc0000 - 0x00007ffa23deb000 	C:\WINDOWS\System32\GDI32.dll
0x00007ffa22020000 - 0x00007ffa2214c000 	C:\WINDOWS\System32\gdi32full.dll
0x00007ffa21f70000 - 0x00007ffa22013000 	C:\WINDOWS\System32\msvcp_win.dll
0x00007ffa24010000 - 0x00007ffa24041000 	C:\WINDOWS\System32\IMM32.DLL
0x00007ffa1be70000 - 0x00007ffa1be7c000 	C:\Users\Maxence\.jdks\openjdk-25.0.1\bin\vcruntime140_1.dll
0x00007ffa1bde0000 - 0x00007ffa1be6d000 	C:\Users\Maxence\.jdks\openjdk-25.0.1\bin\msvcp140.dll
0x00007ff971fd0000 - 0x00007ff972e2f000 	C:\Users\Maxence\.jdks\openjdk-25.0.1\bin\server\jvm.dll
0x00007ffa24760000 - 0x00007ffa24814000 	C:\WINDOWS\System32\ADVAPI32.dll
0x00007ffa233a0000 - 0x00007ffa23446000 	C:\WINDOWS\System32\sechost.dll
0x00007ffa23ef0000 - 0x00007ffa24008000 	C:\WINDOWS\System32\RPCRT4.dll
0x00007ffa24680000 - 0x00007ffa246f4000 	C:\WINDOWS\System32\WS2_32.dll
0x00007ffa21dd0000 - 0x00007ffa21e2e000 	C:\WINDOWS\SYSTEM32\POWRPROF.dll
0x00007ffa166b0000 - 0x00007ffa166e5000 	C:\WINDOWS\SYSTEM32\WINMM.dll
0x00007ffa14140000 - 0x00007ffa1414b000 	C:\WINDOWS\SYSTEM32\VERSION.dll
0x00007ffa21db0000 - 0x00007ffa21dc4000 	C:\WINDOWS\SYSTEM32\UMPDC.dll
0x00007ffa20ce0000 - 0x00007ffa20cfb000 	C:\WINDOWS\SYSTEM32\kernel.appcore.dll
0x00007ffa1bdd0000 - 0x00007ffa1bdda000 	C:\Users\Maxence\.jdks\openjdk-25.0.1\bin\jimage.dll
0x00007ffa1f660000 - 0x00007ffa1f8a2000 	C:\WINDOWS\SYSTEM32\DBGHELP.DLL
0x00007ffa24150000 - 0x00007ffa244d5000 	C:\WINDOWS\System32\combase.dll
0x00007ffa24070000 - 0x00007ffa24146000 	C:\WINDOWS\System32\OLEAUT32.dll
0x00007ffa02ef0000 - 0x00007ffa02f2c000 	C:\WINDOWS\SYSTEM32\dbgcore.DLL
0x00007ffa228e0000 - 0x00007ffa22985000 	C:\WINDOWS\System32\bcryptPrimitives.dll
0x00007ffa11cd0000 - 0x00007ffa11ce0000 	C:\Users\Maxence\.jdks\openjdk-25.0.1\bin\instrument.dll
0x00007ffa13330000 - 0x00007ffa1334f000 	C:\Users\Maxence\.jdks\openjdk-25.0.1\bin\java.dll
0x00007ffa244e0000 - 0x00007ffa24677000 	C:\WINDOWS\System32\ole32.dll
0x00007ffa22c40000 - 0x00007ffa23393000 	C:\WINDOWS\System32\SHELL32.dll
0x00007ffa22990000 - 0x00007ffa22afa000 	C:\WINDOWS\System32\wintypes.dll
0x00007ffa1fb30000 - 0x00007ffa2038e000 	C:\WINDOWS\SYSTEM32\windows.storage.dll
0x00007ffa23c10000 - 0x00007ffa23d05000 	C:\WINDOWS\System32\SHCORE.dll
0x00007ffa24d70000 - 0x00007ffa24dd6000 	C:\WINDOWS\System32\shlwapi.dll
0x00007ffa21e90000 - 0x00007ffa21eb9000 	C:\WINDOWS\SYSTEM32\profapi.dll
0x00007ffa11ce0000 - 0x00007ffa11cf7000 	C:\Users\Maxence\.jdks\openjdk-25.0.1\bin\zip.dll
0x00007ffa11d20000 - 0x00007ffa11d32000 	C:\Users\Maxence\.jdks\openjdk-25.0.1\bin\net.dll
0x00007ffa21230000 - 0x00007ffa2129b000 	C:\WINDOWS\system32\mswsock.dll
0x00007ffa11d00000 - 0x00007ffa11d16000 	C:\Users\Maxence\.jdks\openjdk-25.0.1\bin\nio.dll
0x00007ffa1bdc0000 - 0x00007ffa1bdc9000 	C:\Users\Maxence\.jdks\openjdk-25.0.1\bin\extnet.dll
0x00007ffa131b0000 - 0x00007ffa131be000 	C:\Users\Maxence\.jdks\openjdk-25.0.1\bin\sunmscapi.dll
0x00007ffa22210000 - 0x00007ffa22387000 	C:\WINDOWS\System32\CRYPT32.dll
0x00007ffa21770000 - 0x00007ffa217a0000 	C:\WINDOWS\SYSTEM32\ncrypt.dll
0x00007ffa21720000 - 0x00007ffa2175f000 	C:\WINDOWS\SYSTEM32\NTASN1.dll
0x00007ffa21620000 - 0x00007ffa2163b000 	C:\WINDOWS\SYSTEM32\CRYPTSP.dll
0x00007ffa20c40000 - 0x00007ffa20c7a000 	C:\WINDOWS\system32\rsaenh.dll
0x00007ffa212e0000 - 0x00007ffa2130b000 	C:\WINDOWS\SYSTEM32\USERENV.dll
0x00007ffa21e60000 - 0x00007ffa21e8a000 	C:\WINDOWS\SYSTEM32\bcrypt.dll
0x00007ffa21480000 - 0x00007ffa2148c000 	C:\WINDOWS\SYSTEM32\CRYPTBASE.dll
0x00007ffa20780000 - 0x00007ffa207b4000 	C:\WINDOWS\SYSTEM32\IPHLPAPI.DLL
0x00007ffa24ca0000 - 0x00007ffa24caa000 	C:\WINDOWS\System32\NSI.dll
0x00007ffa207c0000 - 0x00007ffa208ec000 	C:\WINDOWS\SYSTEM32\DNSAPI.dll
0x00007ffa1a470000 - 0x00007ffa1a47b000 	C:\Windows\System32\rasadhlp.dll
0x00007ffa1b800000 - 0x00007ffa1b886000 	C:\WINDOWS\System32\fwpuclnt.dll
0x00007ffa13320000 - 0x00007ffa13330000 	C:\Users\Maxence\.jdks\openjdk-25.0.1\bin\verify.dll
0x0000000071100000 - 0x0000000071125000 	C:\Users\Maxence\.jssc\windows\jSSC-2.8_x86_64.dll

JVMTI agents:
C:\Program Files\JetBrains\IntelliJ IDEA 2025.3\lib\idea_rt.jar path:C:\Users\Maxence\.jdks\openjdk-25.0.1\bin\instrument.dll, loaded, initialized, instrumentlib options:55005

dbghelp: loaded successfully - version: 4.0.5 - missing functions: none
symbol engine: initialized successfully - sym options: 0x614 - pdb path: .;C:\Users\Maxence\.jdks\openjdk-25.0.1\bin;C:\WINDOWS\SYSTEM32;C:\WINDOWS\WinSxS\amd64_microsoft.windows.common-controls_6595b64144ccf1df_6.0.26100.7309_none_3e05feeae336a044;C:\Users\Maxence\.jdks\openjdk-25.0.1\bin\server;C:\Users\Maxence\.jssc\windows

VM Arguments:
jvm_args: -javaagent:C:\Program Files\JetBrains\IntelliJ IDEA 2025.3\lib\idea_rt.jar=55005 -Dfile.encoding=UTF-8 -Dsun.stdout.encoding=UTF-8 -Dsun.stderr.encoding=UTF-8 
java_command: org.example.Main
java_class_path (initial): C:\Users\Maxence\Documents\CPE\ProjetTransverse\Repo_GIT_Project\4irc-sdmis-incident-system\simulator\Simulator\target\classes;C:\Users\Maxence\.m2\repository\org\springframework\boot\spring-boot-starter-web\2.7.6\spring-boot-starter-web-2.7.6.jar;C:\Users\Maxence\.m2\repository\org\springframework\boot\spring-boot-starter\2.7.6\spring-boot-starter-2.7.6.jar;C:\Users\Maxence\.m2\repository\org\springframework\boot\spring-boot\2.7.6\spring-boot-2.7.6.jar;C:\Users\Maxence\.m2\repository\org\springframework\boot\spring-boot-autoconfigure\2.7.6\spring-boot-autoconfigure-2.7.6.jar;C:\Users\Maxence\.m2\repository\org\springframework\boot\spring-boot-starter-logging\2.7.6\spring-boot-starter-logging-2.7.6.jar;C:\Users\Maxence\.m2\repository\ch\qos\logback\logback-classic\1.2.11\logback-classic-1.2.11.jar;C:\Users\Maxence\.m2\repository\ch\qos\logback\logback-core\1.2.11\logback-core-1.2.11.jar;C:\Users\Maxence\.m2\repository\org\slf4j\slf4j-api\1.7.36\slf4j-api-1.7.36.jar;C:\Users\Maxence\.m2\repository\org\apache\logging\log4j\log4j-to-slf4j\2.17.2\log4j-to-slf4j-2.17.2.jar;C:\Users\Maxence\.m2\repository\org\apache\logging\log4j\log4j-api\2.17.2\log4j-api-2.17.2.jar;C:\Users\Maxence\.m2\repository\org\slf4j\jul-to-slf4j\1.7.36\jul-to-slf4j-1.7.36.jar;C:\Users\Maxence\.m2\repository\jakarta\annotation\jakarta.annotation-api\1.3.5\jakarta.annotation-api-1.3.5.jar;C:\Users\Maxence\.m2\repository\org\springframework\spring-core\5.3.24\spring-core-5.3.24.jar;C:\Users\Maxence\.m2\repository\org\springframework\spring-jcl\5.3.24\spring-jcl-5.3.24.jar;C:\Users\Maxence\.m2\repository\org\yaml\snakeyaml\1.30\snakeyaml-1.30.jar;C:\Users\Maxence\.m2\repository\org\springframework\boot\spring-boot-starter-json\2.7.6\spring-boot-starter-json-2.7.6.jar;C:\Users\Maxence\.m2\repository\com\fasterxml\jackson\datatype\jackson-datatype-jdk8\2.13.4\jackson-datatype-jdk8-2.13.4.jar;C:\Users\Maxence\.m2\repository\com\fasterxml\jackson\datatype\jackson-datatype-jsr310\2.13.4\jackson-datatype-jsr310-2.13.4.jar;C:\Users\Maxence\.m2\repository\com\fasterxml\jackson\module\jackson-module-parameter-names\2.13.4\jackson-module-parameter-names-2.13.4.jar;C:\Users\Maxence\.m2\repository\org\springframework\boot\spring-boot-starter-tomcat\2.7.6\spring-boot-starter-tomcat-2.7.6.jar;C:\Users\Maxence\.m2\repository\org\apache\tomcat\embed\tomcat-embed-core\9.0.69\tomcat-embed-core-9.0.69.jar;C:\Users\Maxence\.m2\repository\org\apache\tomcat\embed\tomcat-embed-el\9.0.69\tomcat-embed-el-9.0.69.jar;C:\Users\Maxence\.m2\repository\org\apache\tomcat\embed\tomcat-embed-websocket\9.0.69\tomcat-embed-websocket-9.0.69.jar;C:\Users\Maxence\.m2\repository\org\springframework\spring-web\5.3.24\spring-web-5.3.24.jar;C:\Users\Maxence\.m2\repository\org\springframework\spring-beans\5.3.24\spring-beans-5.3.24.jar;C:\Users\Maxence\.m2\repository\org\springframework\spring-webmvc\5.3.24\spring-webmvc-5.3.24.jar;C:\Users\Maxence\.m2\repository\org\springframework\spring-aop\5.3.24\spring-aop-5.3.24.jar;C:\Users\Maxence\.m2\repository\org\springframework\spring-context\5.3.24\spring-context-5.3.24.jar;C:\Users\Maxence\.m2\repository\org\springframework\spring-expression\5.3.24\spring-expression-5.3.24.jar;C:\Users\Maxence\.m2\repository\org\scream3r\jssc\2.8.0\jssc-2.8.0.jar;C:\Users\Maxence\.m2\repository\com\squareup\okhttp3\okhttp\4.11.0\okhttp-4.11.0.jar;C:\Users\Maxence\.m2\repository\com\squareup\okio\okio\3.2.0\okio-3.2.0.jar;C:\Users\Maxence\.m2\repository\com\squareup\okio\okio-jvm\3.2.0\okio-jvm-3.2.0.jar;C:\Users\Maxence\.m2\repository\org\jetbrains\kotlin\kotlin-stdlib\1.6.21\kotlin-stdlib-1.6.21.jar;C:\Users\Maxence\.m2\repository\org\jetbrains\kotlin\kotlin-stdlib-common\1.6.21\kotlin-stdlib-common-1.6.21.jar;C:\Users\Maxence\.m2\repository\org\jetbrains\annotations\13.0\annotations-13.0.jar;C:\Users\Maxence\.m2\repository\org\jetbrains\kotlin\kotlin-stdlib-jdk8\1.6.21\kotlin-stdlib-jdk8-1.6.21.jar;C:\Users\Maxence\.m2\repository\org\jetbrains\kotlin\kotlin-stdlib-jdk7\1.6.21\kotlin-stdlib-jdk7-1.6.21.jar;C:\Users\Maxence\.m2\repository\com\fasterxml\jackson\core\jackson-databind\2.13.4.2\jackson-databind-2.13.4.2.jar;C:\Users\Maxence\.m2\repository\com\fasterxml\jackson\core\jackson-annotations\2.13.4\jackson-annotations-2.13.4.jar;C:\Users\Maxence\.m2\repository\com\fasterxml\jackson\core\jackson-core\2.13.4\jackson-core-2.13.4.jar
Launcher Type: SUN_STANDARD

[Global flags]
     intx CICompilerCount                          = 12                                        {product} {ergonomic}
     uint ConcGCThreads                            = 3                                         {product} {ergonomic}
     uint G1ConcRefinementThreads                  = 13                                        {product} {ergonomic}
   size_t G1HeapRegionSize                         = 4194304                                   {product} {ergonomic}
   size_t InitialHeapSize                          = 461373440                                 {product} {ergonomic}
   size_t MarkStackSize                            = 4194304                                   {product} {ergonomic}
   size_t MarkStackSizeMax                         = 536870912                                 {product} {ergonomic}
   size_t MaxHeapSize                              = 7331643392                                {product} {ergonomic}
   size_t MaxNewSize                               = 4395630592                                {product} {ergonomic}
   size_t MinHeapDeltaBytes                        = 4194304                                   {product} {ergonomic}
   size_t MinHeapSize                              = 8388608                                   {product} {ergonomic}
    uintx NonNMethodCodeHeapSize                   = 7602176                                {pd product} {ergonomic}
    uintx NonProfiledCodeHeapSize                  = 122093568                              {pd product} {ergonomic}
    uintx ProfiledCodeHeapSize                     = 121962496                              {pd product} {ergonomic}
    uintx ReservedCodeCacheSize                    = 251658240                              {pd product} {ergonomic}
     bool SegmentedCodeCache                       = true                                      {product} {ergonomic}
   size_t SoftMaxHeapSize                          = 7331643392                             {manageable} {ergonomic}
     bool UseCompressedOops                        = true                           {product lp64_product} {ergonomic}
     bool UseG1GC                                  = true                                      {product} {ergonomic}
     bool UseLargePagesIndividualAllocation        = false                                  {pd product} {ergonomic}

Logging:
Log output configuration:
 #0: stdout all=warning uptime,level,tags foldmultilines=false
 #1: stderr all=off uptime,level,tags foldmultilines=false

Release file:
IMPLEMENTOR="Oracle Corporation" 
JAVA_RUNTIME_VERSION="25.0.1+8-27" 
JAVA_VERSION="25.0.1" 
JAVA_VERSION_DATE="2025-10-21" 
LIBC="default" 
MODULES="java.base java.compiler java.datatransfer java.xml java.prefs java.desktop java.instrument java.logging java.management java.security.sasl java.naming java.rmi java.management.rmi java.net.http java.scripting java.security.jgss java.transaction.xa java.sql java.sql.rowset java.xml.crypto java.se java.smartcardio jdk.accessibility jdk.internal.jvmstat jdk.attach jdk.charsets jdk.internal.opt jdk.zipfs jdk.compiler jdk.crypto.cryptoki jdk.crypto.ec jdk.crypto.mscapi jdk.dynalink jdk.internal.ed jdk.editpad jdk.internal.vm.ci jdk.graal.compiler jdk.graal.compiler.management jdk.hotspot.agent jdk.httpserver jdk.incubator.vector jdk.internal.le jdk.internal.md jdk.jartool jdk.javadoc jdk.jcmd jdk.management jdk.management.agent jdk.jconsole jdk.jdeps jdk.jdwp.agent jdk.jdi jdk.jfr jdk.jlink jdk.jpackage jdk.jshell jdk.jsobject jdk.jstatd jdk.localedata jdk.management.jfr jdk.naming.dns jdk.naming.rmi jdk.net jdk.nio.mapmode jdk.sctp jdk.security.auth jdk.security.jgss jdk.unsupported jdk.unsupported.desktop jdk.xml.dom" 
OS_ARCH="x86_64" 
OS_NAME="Windows" 
SOURCE=".:git:78770bfaefd2" 

Environment Variables:
PATH=C:\Program Files (x86)\VMware\VMware Workstation\bin\;C:\WINDOWS\system32;C:\WINDOWS;C:\WINDOWS\System32\Wbem;C:\WINDOWS\System32\WindowsPowerShell\v1.0\;C:\WINDOWS\System32\OpenSSH\;C:\Program Files\Docker\Docker\resources\bin;C:\Program Files\Git\cmd;C:\Users\Maxence\AppData\Local\Microsoft\WindowsApps;C:\Users\Maxence\AppData\Local\Programs\Microsoft VS Code\bin;C:\Users\Maxence\AppData\Local\GitHubDesktop\bin
USERNAME=Maxence
OS=Windows_NT
PROCESSOR_IDENTIFIER=AMD64 Family 25 Model 68 Stepping 1, AuthenticAMD
TMP=C:\Users\Maxence\AppData\Local\Temp
TEMP=C:\Users\Maxence\AppData\Local\Temp




Compilation memory statistics disabled.

Periodic native trim disabled

---------------  S Y S T E M  ---------------

OS:
 Windows 11 , 64 bit Build 26100 (10.0.26100.7309)
OS uptime: 0 days 3:06 hours
Hyper-V role detected

CPU: total 16 (initial active 16) (16 cores per cpu, 2 threads per core) family 25 model 68 stepping 1 microcode 0xa40410a, cx8, cmov, fxsr, ht, mmx, 3dnowpref, sse, sse2, sse3, ssse3, sse4a, sse4.1, sse4.2, popcnt, lzcnt, tsc, tscinvbit, avx, avx2, aes, erms, clmul, bmi1, bmi2, adx, sha, fma, vzeroupper, clflush, clflushopt, clwb, hv, rdtscp, rdpid, fsrm, f16c, cet_ss
Processor Information for the first 16 processors :
  Max Mhz: 3201, Current Mhz: 2502, Mhz Limit: 3201

Memory: 4k page, system-wide physical 27960M (14963M free)
TotalPageFile size 29752M (AvailPageFile size 11588M)
current process WorkingSet (physical memory assigned to process): 122M, peak: 122M
current process commit charge ("private bytes"): 581M, peak: 594M

vm_info: OpenJDK 64-Bit Server VM (25.0.1+8-27) for windows-amd64 JRE (25.0.1+8-27), built on 2025-09-25T16:41:16Z with unknown MS VC++:1943

END.
