#
# A fatal error has been detected by the Java Runtime Environment:
#
#  EXCEPTION_ACCESS_VIOLATION (0xc0000005) at pc=0x000000007110b5db, pid=22464, tid=22356
#
# JRE version: OpenJDK Runtime Environment Microsoft-12574459 (21.0.9+10) (build 21.0.9+10-LTS)
# Java VM: OpenJDK 64-Bit Server VM Microsoft-12574459 (21.0.9+10-LTS, mixed mode, sharing, tiered, compressed oops, compressed class ptrs, g1 gc, windows-amd64)
# Problematic frame:
# C  [jSSC-2.8_x86_64.dll+0xb5db]
#
# No core dump will be written. Minidumps are not enabled by default on client versions of Windows
#
# If you would like to submit a bug report, please visit:
#   https://github.com/microsoft/openjdk/issues
# The crash happened outside the Java Virtual Machine in native code.
# See problematic frame for where to report the bug.
#

---------------  S U M M A R Y ------------

Command Line: -javaagent:C:\Program Files\JetBrains\IntelliJ IDEA 2025.3\lib\idea_rt.jar=56687 -Dfile.encoding=UTF-8 -Dsun.stdout.encoding=UTF-8 -Dsun.stderr.encoding=UTF-8 org.example.Main

Host: AMD Ryzen 7 7735HS with Radeon Graphics        , 16 cores, 27G,  Windows 11 , 64 bit Build 26100 (10.0.26100.7309)
Time: Tue Jan  6 11:09:27 2026 Paris, Madrid elapsed time: 1.943246 seconds (0d 0h 0m 1s)

---------------  T H R E A D  ---------------

Current thread (0x0000020807e0c530):  JavaThread "main"             [_thread_in_native, id=22356, stack(0x000000ed55d00000,0x000000ed55e00000) (1024K)]

Stack: [0x000000ed55d00000,0x000000ed55e00000],  sp=0x000000ed55dff3e0,  free space=1020k
Native frames: (J=compiled Java code, j=interpreted, Vv=VM code, C=native code)
C  [jSSC-2.8_x86_64.dll+0xb5db]  (no source info available)

Java frames: (J=compiled Java code, j=interpreted, Vv=VM code)
j  jssc.SerialNativeInterface.openPort(Ljava/lang/String;Z)J+0
j  jssc.SerialPort.openPort()Z+65
j  org.example.MicrobitSender.<init>(Ljava/lang/String;)V+32
j  org.example.Main.main([Ljava/lang/String;)V+107
v  ~StubRoutines::call_stub 0x000002081907100d

siginfo: EXCEPTION_ACCESS_VIOLATION (0xc0000005), reading address 0x0000000007bc1a78


Registers:
RAX=0x0000000007bc1a78, RBX=0x000000ed55dff450, RCX=0x00007ffa24f81da4, RDX=0x0000000000000000
RSP=0x000000ed55dff3e0, RBP=0x000000ed55dff560, RSI=0x0000020807e0c8e8, RDI=0x00000000000007a8
R8 =0x000000ed55dff2d8, R9 =0x0000000000000000, R10=0x0000000000000000, R11=0x0000000000000246
R12=0x000000ed55dff620, R13=0x000002082d90ef20, R14=0x000000ed55dff510, R15=0x0000020807e0c530
RIP=0x000000007110b5db, EFLAGS=0x0000000000010206

XMM[0]=0x0000000000000000 0x0000000000000000
XMM[1]=0x0000000000000000 0x0000000000000000
XMM[2]=0x0000000000000000 0x0000000000000000
XMM[3]=0x0000000000000000 0x0000000000000000
XMM[4]=0x0000000000000000 0x0000000000000000
XMM[5]=0x0000000000000000 0x0000000000000000
XMM[6]=0x0000000000000000 0x000000066662b368
XMM[7]=0x0000000000000000 0xfffd6712eb908500
XMM[8]=0x0000000000000000 0x0001a908063af762
XMM[9]=0x0000000000000000 0x000031abbdc5d8b7
XMM[10]=0x0000000000000000 0xfffbcd9360a55d91
XMM[11]=0x0000000000000000 0xfff6ac89faa18e89
XMM[12]=0x0000000000000000 0xfff521befff0db34
XMM[13]=0x0000000000000000 0x0001a908067af762
XMM[14]=0x0000000000000000 0x0007e835f9ce5b89
XMM[15]=0x0000000000000000 0xfffa4d6ca4918158
  MXCSR=0x00001fa2


Register to memory mapping:

RAX=0x0000000007bc1a78 is an unknown value
RBX=0x000000ed55dff450 is pointing into the stack for thread: 0x0000020807e0c530
RCX=0x00007ffa24f81da4 ntdll.dll
RDX=0x0 is null
RSP=0x000000ed55dff3e0 is pointing into the stack for thread: 0x0000020807e0c530
RBP=0x000000ed55dff560 is pointing into the stack for thread: 0x0000020807e0c530
RSI=0x0000020807e0c8e8 points into unknown readable memory: 0x00007ff972cc8850 | 50 88 cc 72 f9 7f 00 00
RDI=0x00000000000007a8 is an unknown value
R8 =0x000000ed55dff2d8 is pointing into the stack for thread: 0x0000020807e0c530
R9 =0x0 is null
R10=0x0 is null
R11=0x0000000000000246 is an unknown value
R12=0x000000ed55dff620 is pointing into the stack for thread: 0x0000020807e0c530
R13=0x000002082d90ef20 points into unknown readable memory: 0x00000000334d4f43 | 43 4f 4d 33 00 00 00 00
R14=0x000000ed55dff510 is pointing into the stack for thread: 0x0000020807e0c530
R15=0x0000020807e0c530 is a thread

Top of Stack: (sp=0x000000ed55dff3e0)
0x000000ed55dff3e0:   0000000000000003 0000000000000000
0x000000ed55dff3f0:   000000007110b230 0000000000000000
0x000000ed55dff400:   0000000000000001 0000000000000004
0x000000ed55dff410:   0000020807e0c8e8 00000000000007a8
0x000000ed55dff420:   000000ed55dff560 0000000071112590
0x000000ed55dff430:   0000020873e2b8c0 00000000c0000000
0x000000ed55dff440:   00000000000007a8 00007ffa2252208c
0x000000ed55dff450:   0000000000000057 0000020800000010
0x000000ed55dff460:   0000020807e0c530 000000ed55dff510
0x000000ed55dff470:   000002082d90ef20 000000ed55dff620
0x000000ed55dff480:   0000000071113500 0000000071113be8
0x000000ed55dff490:   000000ed55dff4c0 0000000071112641
0x000000ed55dff4a0:   000000ed55dff430 0000000000000000
0x000000ed55dff4b0:   000002082d90ef20 000000ed55dff510
0x000000ed55dff4c0:   000000ed55dff560 0000000071101595
0x000000ed55dff4d0:   000000000000001c 0000020800000000
0x000000ed55dff4e0:   000000ed55dff520 000000ed55dff620
0x000000ed55dff4f0:   0000020800000003 00007ff940000000
0x000000ed55dff500:   0000000000000000 0000000000000996
0x000000ed55dff510:   334d4f435c2e5c5c 0000020807e0c500
0x000000ed55dff520:   000002005c2e5c5c 0000020807e0c530
0x000000ed55dff530:   000002086fdc12c8 000002086f3b00d8
0x000000ed55dff540:   0000000000000210 0000000000000000
0x000000ed55dff550:   000002086fdc12c8 000000ed55dff628
0x000000ed55dff560:   000000ed55dff5f8 000002081907cd6b
0x000000ed55dff570:   0000000000000210 000002081907ca42
0x000000ed55dff580:   000002086fdc12c8 000002086f3b00d8
0x000000ed55dff590:   0000000000000000 000000064b30efd0
0x000000ed55dff5a0:   000000066666d688 000002081907c9ff
0x000000ed55dff5b0:   000000ed55dff5b0 000002086fdc12c8
0x000000ed55dff5c0:   0000000000000006 000002086fdc1de8
0x000000ed55dff5d0:   0000000000000000 0000000666664ea8 

Instructions: (pc=0x000000007110b5db)
0x000000007110b4db:   48 85 c0 74 bf 44 8b 03 45 85 c0 0f 84 77 ff ff
0x000000007110b4eb:   ff eb 9f 66 90 e8 8b fe ff ff 48 89 05 0c 34 01
0x000000007110b4fb:   00 eb ad 66 90 e8 7b fe ff ff 48 89 05 fc 33 01
0x000000007110b50b:   00 eb 8b e8 8d fe ff ff c7 03 01 00 00 00 e9 6f
0x000000007110b51b:   ff ff ff 66 90 55 48 89 e5 56 53 48 83 ec 20 48
0x000000007110b52b:   8b 05 d7 33 01 00 48 8b 31 48 89 cb 48 85 c0 74
0x000000007110b53b:   56 44 8b 18 45 85 db 78 42 48 8b 05 bd 33 01 00
0x000000007110b54b:   48 85 c0 74 50 44 8b 10 45 85 d2 74 1d 48 89 f1
0x000000007110b55b:   e8 d0 fd ff ff 48 8b 13 48 8d 42 40 48 8b 48 08
0x000000007110b56b:   48 8b 6a 40 48 8b 60 10 ff e1 48 8b 05 9c 33 01
0x000000007110b57b:   00 48 85 c0 74 2d 48 89 30 eb da e8 b5 fe ff ff
0x000000007110b58b:   0f 1f 44 00 00 eb b2 e8 e9 fd ff ff 48 89 05 6a
0x000000007110b59b:   33 01 00 eb 9c e8 db fd ff ff 48 89 05 5c 33 01
0x000000007110b5ab:   00 eb a2 e8 3d fd ff ff 48 89 05 5e 33 01 00 eb
0x000000007110b5bb:   c5 0f 1f 40 00 55 57 56 53 48 83 ec 28 48 8b 05
0x000000007110b5cb:   39 33 01 00 48 89 cb 48 85 c0 0f 84 c5 00 00 00
0x000000007110b5db:   8b 38 85 ff 0f 88 ab 00 00 00 48 8b 05 1c 33 01
0x000000007110b5eb:   00 48 85 c0 0f 84 bc 00 00 00 8b 30 85 f6 74 57
0x000000007110b5fb:   48 8b 05 0e 33 01 00 48 85 c0 0f 84 e5 00 00 00
0x000000007110b60b:   8b 28 48 8b 35 10 5e 01 00 ff d6 89 c7 89 e9 ff
0x000000007110b61b:   15 f4 5e 01 00 89 f9 48 89 c5 ff 15 b9 5e 01 00
0x000000007110b62b:   48 8b 05 de 32 01 00 48 89 2b 48 85 c0 74 46 48
0x000000007110b63b:   89 da 8b 08 ff 15 d7 5e 01 00 85 c0 74 27 48 83
0x000000007110b64b:   c4 28 5b 5e 5f 5d c3 48 8b 05 bf 32 01 00 48 85
0x000000007110b65b:   c0 74 64 48 8b 10 48 89 13 48 89 18 48 83 c4 28
0x000000007110b66b:   5b 5e 5f 5d c3 48 89 f2 48 83 c4 28 5b 5e 5f 5d
0x000000007110b67b:   48 ff e2 66 90 e8 8b fc ff ff 48 89 05 84 32 01
0x000000007110b68b:   00 eb ac 66 90 e8 ab fd ff ff e9 4b ff ff ff 66
0x000000007110b69b:   0f 1f 44 00 00 e8 db fc ff ff 48 89 05 5c 32 01
0x000000007110b6ab:   00 e9 2a ff ff ff e8 ca fc ff ff 48 89 05 4b 32
0x000000007110b6bb:   01 00 e9 33 ff ff ff e8 29 fc ff ff 48 89 05 4a
0x000000007110b6cb:   32 01 00 48 8b 10 48 85 c0 48 89 13 75 8b e8 12 


Stack slot to memory mapping:

stack at sp + 0 slots: 0x0000000000000003 is an unknown value
stack at sp + 1 slots: 0x0 is null
stack at sp + 2 slots: 0x000000007110b230 jSSC-2.8_x86_64.dll
stack at sp + 3 slots: 0x0 is null
stack at sp + 4 slots: 0x0000000000000001 is an unknown value
stack at sp + 5 slots: 0x0000000000000004 is an unknown value
stack at sp + 6 slots: 0x0000020807e0c8e8 points into unknown readable memory: 0x00007ff972cc8850 | 50 88 cc 72 f9 7f 00 00
stack at sp + 7 slots: 0x00000000000007a8 is an unknown value


---------------  P R O C E S S  ---------------

Threads class SMR info:
_java_thread_list=0x00000208734a0de0, length=25, elements={
0x0000020807e0c530, 0x000002082cd94680, 0x000002082cd970e0, 0x000002082cd9b170,
0x000002082d530520, 0x000002082cd9be20, 0x000002082cd9cc20, 0x000002082d534ef0,
0x000002082d538e90, 0x000002082d61b190, 0x000002082d657fe0, 0x000002082d7033d0,
0x000002082d8b3080, 0x000002087301e080, 0x000002087301e6e0, 0x0000020873238520,
0x0000020873771990, 0x0000020873d87a40, 0x0000020873f26dd0, 0x00000208742323b0,
0x0000020874232e20, 0x0000020874446110, 0x0000020873d61030, 0x0000020873d4a700,
0x0000020874792770
}

Java Threads: ( => current thread )
=>0x0000020807e0c530 JavaThread "main"                              [_thread_in_native, id=22356, stack(0x000000ed55d00000,0x000000ed55e00000) (1024K)]
  0x000002082cd94680 JavaThread "Reference Handler"          daemon [_thread_blocked, id=21696, stack(0x000000ed56500000,0x000000ed56600000) (1024K)]
  0x000002082cd970e0 JavaThread "Finalizer"                  daemon [_thread_blocked, id=3076, stack(0x000000ed56600000,0x000000ed56700000) (1024K)]
  0x000002082cd9b170 JavaThread "Signal Dispatcher"          daemon [_thread_blocked, id=20056, stack(0x000000ed56700000,0x000000ed56800000) (1024K)]
  0x000002082d530520 JavaThread "Attach Listener"            daemon [_thread_blocked, id=7412, stack(0x000000ed56800000,0x000000ed56900000) (1024K)]
  0x000002082cd9be20 JavaThread "Service Thread"             daemon [_thread_blocked, id=21580, stack(0x000000ed56900000,0x000000ed56a00000) (1024K)]
  0x000002082cd9cc20 JavaThread "Monitor Deflation Thread"   daemon [_thread_blocked, id=13808, stack(0x000000ed56a00000,0x000000ed56b00000) (1024K)]
  0x000002082d534ef0 JavaThread "C2 CompilerThread0"         daemon [_thread_blocked, id=21268, stack(0x000000ed56b00000,0x000000ed56c00000) (1024K)]
  0x000002082d538e90 JavaThread "C1 CompilerThread0"         daemon [_thread_blocked, id=1172, stack(0x000000ed56c00000,0x000000ed56d00000) (1024K)]
  0x000002082d61b190 JavaThread "C1 CompilerThread1"         daemon [_thread_blocked, id=22680, stack(0x000000ed56d00000,0x000000ed56e00000) (1024K)]
  0x000002082d657fe0 JavaThread "C1 CompilerThread2"         daemon [_thread_blocked, id=22716, stack(0x000000ed56e00000,0x000000ed56f00000) (1024K)]
  0x000002082d7033d0 JavaThread "Common-Cleaner"             daemon [_thread_blocked, id=22708, stack(0x000000ed56f00000,0x000000ed57000000) (1024K)]
  0x000002082d8b3080 JavaThread "C2 CompilerThread1"         daemon [_thread_blocked, id=22684, stack(0x000000ed57000000,0x000000ed57100000) (1024K)]
  0x000002087301e080 JavaThread "Monitor Ctrl-Break"         daemon [_thread_in_native, id=23464, stack(0x000000ed57100000,0x000000ed57200000) (1024K)]
  0x000002087301e6e0 JavaThread "Notification Thread"        daemon [_thread_blocked, id=23456, stack(0x000000ed57200000,0x000000ed57300000) (1024K)]
  0x0000020873238520 JavaThread "C1 CompilerThread3"         daemon [_thread_blocked, id=23376, stack(0x000000ed57300000,0x000000ed57400000) (1024K)]
  0x0000020873771990 JavaThread "C2 CompilerThread2"         daemon [_thread_blocked, id=22640, stack(0x000000ed57d00000,0x000000ed57e00000) (1024K)]
  0x0000020873d87a40 JavaThread "OkHttp geo.api.gouv.fr"     daemon [_thread_in_native, id=23308, stack(0x000000ed58200000,0x000000ed58300000) (1024K)]
  0x0000020873f26dd0 JavaThread "OkHttp geo.api.gouv.fr"     daemon [_thread_in_native, id=22644, stack(0x000000ed58300000,0x000000ed58400000) (1024K)]
  0x00000208742323b0 JavaThread "OkHttp router.project-osrm.org" daemon [_thread_in_native, id=23476, stack(0x000000ed58400000,0x000000ed58500000) (1024K)]
  0x0000020874232e20 JavaThread "OkHttp TaskRunner"          daemon [_thread_blocked, id=6168, stack(0x000000ed58500000,0x000000ed58600000) (1024K)]
  0x0000020874446110 JavaThread "Okio Watchdog"              daemon [_thread_blocked, id=22256, stack(0x000000ed58600000,0x000000ed58700000) (1024K)]
  0x0000020873d61030 JavaThread "OkHttp TaskRunner"          daemon [_thread_blocked, id=7724, stack(0x000000ed57e00000,0x000000ed57f00000) (1024K)]
  0x0000020873d4a700 JavaThread "OkHttp TaskRunner"          daemon [_thread_blocked, id=1168, stack(0x000000ed58000000,0x000000ed58100000) (1024K)]
  0x0000020874792770 JavaThread "OkHttp TaskRunner"          daemon [_thread_blocked, id=11940, stack(0x000000ed58100000,0x000000ed58200000) (1024K)]
Total: 25

Other Threads:
  0x000002082cd7bab0 VMThread "VM Thread"                           [id=22448, stack(0x000000ed56400000,0x000000ed56500000) (1024K)]
  0x000002082cd6ad10 WatcherThread "VM Periodic Task Thread"        [id=13948, stack(0x000000ed56300000,0x000000ed56400000) (1024K)]
  0x0000020807ea2080 WorkerThread "GC Thread#0"                     [id=6096, stack(0x000000ed55e00000,0x000000ed55f00000) (1024K)]
  0x00000208734d12d0 WorkerThread "GC Thread#1"                     [id=23396, stack(0x000000ed57400000,0x000000ed57500000) (1024K)]
  0x00000208734d1670 WorkerThread "GC Thread#2"                     [id=23412, stack(0x000000ed57500000,0x000000ed57600000) (1024K)]
  0x00000208734aa810 WorkerThread "GC Thread#3"                     [id=23448, stack(0x000000ed57600000,0x000000ed57700000) (1024K)]
  0x00000208733b8040 WorkerThread "GC Thread#4"                     [id=23440, stack(0x000000ed57700000,0x000000ed57800000) (1024K)]
  0x000002087359a360 WorkerThread "GC Thread#5"                     [id=23400, stack(0x000000ed57800000,0x000000ed57900000) (1024K)]
  0x000002087359ab00 WorkerThread "GC Thread#6"                     [id=22636, stack(0x000000ed57900000,0x000000ed57a00000) (1024K)]
  0x000002087359b6b0 WorkerThread "GC Thread#7"                     [id=23416, stack(0x000000ed57a00000,0x000000ed57b00000) (1024K)]
  0x00000208734a0400 WorkerThread "GC Thread#8"                     [id=23424, stack(0x000000ed57b00000,0x000000ed57c00000) (1024K)]
  0x00000208734a0fc0 WorkerThread "GC Thread#9"                     [id=23432, stack(0x000000ed57c00000,0x000000ed57d00000) (1024K)]
  0x0000020873844440 WorkerThread "GC Thread#10"                    [id=20296, stack(0x000000ed58700000,0x000000ed58800000) (1024K)]
  0x0000020807eb1960 ConcurrentGCThread "G1 Main Marker"            [id=16820, stack(0x000000ed55f00000,0x000000ed56000000) (1024K)]
  0x0000020807eb3310 WorkerThread "G1 Conc#0"                       [id=21592, stack(0x000000ed56000000,0x000000ed56100000) (1024K)]
  0x000002082cc33f20 ConcurrentGCThread "G1 Refine#0"               [id=21120, stack(0x000000ed56100000,0x000000ed56200000) (1024K)]
  0x000002082cc34930 ConcurrentGCThread "G1 Service"                [id=22428, stack(0x000000ed56200000,0x000000ed56300000) (1024K)]
Total: 17

Threads with active compile tasks:
Total: 0

VM state: not at safepoint (normal execution)

VM Mutex/Monitor currently owned by a thread: None

Heap address: 0x000000064b000000, size: 6992 MB, Compressed Oops mode: Zero based, Oop shift amount: 3

CDS archive(s) mapped at: [0x000002082e000000-0x000002082ec80000-0x000002082ec80000), size 13107200, SharedBaseAddress: 0x000002082e000000, ArchiveRelocationMode: 1.
Compressed class space mapped at: 0x000002082f000000-0x000002086f000000, reserved size: 1073741824
Narrow klass base: 0x000002082e000000, Narrow klass shift: 0, Narrow klass range: 0x100000000

GC Precious Log:
 CardTable entry size: 512
 Card Set container configuration: InlinePtr #cards 4 size 8 Array Of Cards #cards 32 size 80 Howl #buckets 8 coarsen threshold 7372 Howl Bitmap #cards 1024 size 144 coarsen threshold 921 Card regions per heap region 1 cards per card region 8192
 CPUs: 16 total, 16 available
 Memory: 27960M
 Large Page Support: Disabled
 NUMA Support: Disabled
 Compressed Oops: Enabled (Zero based)
 Heap Region Size: 4M
 Heap Min Capacity: 8M
 Heap Initial Capacity: 440M
 Heap Max Capacity: 6992M
 Pre-touch: Disabled
 Parallel Workers: 13
 Concurrent Workers: 3
 Concurrent Refinement Workers: 13
 Periodic GC: Disabled

Heap:
 garbage-first heap   total 450560K, used 7133K [0x000000064b000000, 0x0000000800000000)
  region size 4096K, 2 young (8192K), 1 survivors (4096K)
 Metaspace       used 14761K, committed 14976K, reserved 1114112K
  class space    used 1368K, committed 1472K, reserved 1048576K

Heap Regions: E=young(eden), S=young(survivor), O=old, HS=humongous(starts), HC=humongous(continues), CS=collection set, F=free, TAMS=top-at-mark-start, PB=parsable bottom
|   0|0x000000064b000000, 0x000000064b400000, 0x000000064b400000|100%| O|  |TAMS 0x000000064b000000| PB 0x000000064b000000| Untracked 
|   1|0x000000064b400000, 0x000000064b4e7e40, 0x000000064b800000| 22%| O|  |TAMS 0x000000064b400000| PB 0x000000064b400000| Untracked 
|   2|0x000000064b800000, 0x000000064b800000, 0x000000064bc00000|  0%| F|  |TAMS 0x000000064b800000| PB 0x000000064b800000| Untracked 
|   3|0x000000064bc00000, 0x000000064bc00000, 0x000000064c000000|  0%| F|  |TAMS 0x000000064bc00000| PB 0x000000064bc00000| Untracked 
|   4|0x000000064c000000, 0x000000064c000000, 0x000000064c400000|  0%| F|  |TAMS 0x000000064c000000| PB 0x000000064c000000| Untracked 
|   5|0x000000064c400000, 0x000000064c400000, 0x000000064c800000|  0%| F|  |TAMS 0x000000064c400000| PB 0x000000064c400000| Untracked 
|   6|0x000000064c800000, 0x000000064c800000, 0x000000064cc00000|  0%| F|  |TAMS 0x000000064c800000| PB 0x000000064c800000| Untracked 
|   7|0x000000064cc00000, 0x000000064cc00000, 0x000000064d000000|  0%| F|  |TAMS 0x000000064cc00000| PB 0x000000064cc00000| Untracked 
|   8|0x000000064d000000, 0x000000064d000000, 0x000000064d400000|  0%| F|  |TAMS 0x000000064d000000| PB 0x000000064d000000| Untracked 
|   9|0x000000064d400000, 0x000000064d400000, 0x000000064d800000|  0%| F|  |TAMS 0x000000064d400000| PB 0x000000064d400000| Untracked 
|  10|0x000000064d800000, 0x000000064d800000, 0x000000064dc00000|  0%| F|  |TAMS 0x000000064d800000| PB 0x000000064d800000| Untracked 
|  11|0x000000064dc00000, 0x000000064dc00000, 0x000000064e000000|  0%| F|  |TAMS 0x000000064dc00000| PB 0x000000064dc00000| Untracked 
|  12|0x000000064e000000, 0x000000064e000000, 0x000000064e400000|  0%| F|  |TAMS 0x000000064e000000| PB 0x000000064e000000| Untracked 
|  13|0x000000064e400000, 0x000000064e400000, 0x000000064e800000|  0%| F|  |TAMS 0x000000064e400000| PB 0x000000064e400000| Untracked 
|  14|0x000000064e800000, 0x000000064e800000, 0x000000064ec00000|  0%| F|  |TAMS 0x000000064e800000| PB 0x000000064e800000| Untracked 
|  15|0x000000064ec00000, 0x000000064ec00000, 0x000000064f000000|  0%| F|  |TAMS 0x000000064ec00000| PB 0x000000064ec00000| Untracked 
|  16|0x000000064f000000, 0x000000064f000000, 0x000000064f400000|  0%| F|  |TAMS 0x000000064f000000| PB 0x000000064f000000| Untracked 
|  17|0x000000064f400000, 0x000000064f400000, 0x000000064f800000|  0%| F|  |TAMS 0x000000064f400000| PB 0x000000064f400000| Untracked 
|  18|0x000000064f800000, 0x000000064f800000, 0x000000064fc00000|  0%| F|  |TAMS 0x000000064f800000| PB 0x000000064f800000| Untracked 
|  19|0x000000064fc00000, 0x000000064fc00000, 0x0000000650000000|  0%| F|  |TAMS 0x000000064fc00000| PB 0x000000064fc00000| Untracked 
|  20|0x0000000650000000, 0x0000000650000000, 0x0000000650400000|  0%| F|  |TAMS 0x0000000650000000| PB 0x0000000650000000| Untracked 
|  21|0x0000000650400000, 0x0000000650400000, 0x0000000650800000|  0%| F|  |TAMS 0x0000000650400000| PB 0x0000000650400000| Untracked 
|  22|0x0000000650800000, 0x0000000650800000, 0x0000000650c00000|  0%| F|  |TAMS 0x0000000650800000| PB 0x0000000650800000| Untracked 
|  23|0x0000000650c00000, 0x0000000650c00000, 0x0000000651000000|  0%| F|  |TAMS 0x0000000650c00000| PB 0x0000000650c00000| Untracked 
|  24|0x0000000651000000, 0x0000000651000000, 0x0000000651400000|  0%| F|  |TAMS 0x0000000651000000| PB 0x0000000651000000| Untracked 
|  25|0x0000000651400000, 0x0000000651400000, 0x0000000651800000|  0%| F|  |TAMS 0x0000000651400000| PB 0x0000000651400000| Untracked 
|  26|0x0000000651800000, 0x0000000651800000, 0x0000000651c00000|  0%| F|  |TAMS 0x0000000651800000| PB 0x0000000651800000| Untracked 
|  27|0x0000000651c00000, 0x0000000651c00000, 0x0000000652000000|  0%| F|  |TAMS 0x0000000651c00000| PB 0x0000000651c00000| Untracked 
|  28|0x0000000652000000, 0x0000000652000000, 0x0000000652400000|  0%| F|  |TAMS 0x0000000652000000| PB 0x0000000652000000| Untracked 
|  29|0x0000000652400000, 0x0000000652400000, 0x0000000652800000|  0%| F|  |TAMS 0x0000000652400000| PB 0x0000000652400000| Untracked 
|  30|0x0000000652800000, 0x0000000652800000, 0x0000000652c00000|  0%| F|  |TAMS 0x0000000652800000| PB 0x0000000652800000| Untracked 
|  31|0x0000000652c00000, 0x0000000652c00000, 0x0000000653000000|  0%| F|  |TAMS 0x0000000652c00000| PB 0x0000000652c00000| Untracked 
|  32|0x0000000653000000, 0x0000000653000000, 0x0000000653400000|  0%| F|  |TAMS 0x0000000653000000| PB 0x0000000653000000| Untracked 
|  33|0x0000000653400000, 0x0000000653400000, 0x0000000653800000|  0%| F|  |TAMS 0x0000000653400000| PB 0x0000000653400000| Untracked 
|  34|0x0000000653800000, 0x0000000653800000, 0x0000000653c00000|  0%| F|  |TAMS 0x0000000653800000| PB 0x0000000653800000| Untracked 
|  35|0x0000000653c00000, 0x0000000653c00000, 0x0000000654000000|  0%| F|  |TAMS 0x0000000653c00000| PB 0x0000000653c00000| Untracked 
|  36|0x0000000654000000, 0x0000000654000000, 0x0000000654400000|  0%| F|  |TAMS 0x0000000654000000| PB 0x0000000654000000| Untracked 
|  37|0x0000000654400000, 0x0000000654400000, 0x0000000654800000|  0%| F|  |TAMS 0x0000000654400000| PB 0x0000000654400000| Untracked 
|  38|0x0000000654800000, 0x0000000654800000, 0x0000000654c00000|  0%| F|  |TAMS 0x0000000654800000| PB 0x0000000654800000| Untracked 
|  39|0x0000000654c00000, 0x0000000654c00000, 0x0000000655000000|  0%| F|  |TAMS 0x0000000654c00000| PB 0x0000000654c00000| Untracked 
|  40|0x0000000655000000, 0x0000000655000000, 0x0000000655400000|  0%| F|  |TAMS 0x0000000655000000| PB 0x0000000655000000| Untracked 
|  41|0x0000000655400000, 0x0000000655400000, 0x0000000655800000|  0%| F|  |TAMS 0x0000000655400000| PB 0x0000000655400000| Untracked 
|  42|0x0000000655800000, 0x0000000655800000, 0x0000000655c00000|  0%| F|  |TAMS 0x0000000655800000| PB 0x0000000655800000| Untracked 
|  43|0x0000000655c00000, 0x0000000655c00000, 0x0000000656000000|  0%| F|  |TAMS 0x0000000655c00000| PB 0x0000000655c00000| Untracked 
|  44|0x0000000656000000, 0x0000000656000000, 0x0000000656400000|  0%| F|  |TAMS 0x0000000656000000| PB 0x0000000656000000| Untracked 
|  45|0x0000000656400000, 0x0000000656400000, 0x0000000656800000|  0%| F|  |TAMS 0x0000000656400000| PB 0x0000000656400000| Untracked 
|  46|0x0000000656800000, 0x0000000656800000, 0x0000000656c00000|  0%| F|  |TAMS 0x0000000656800000| PB 0x0000000656800000| Untracked 
|  47|0x0000000656c00000, 0x0000000656c00000, 0x0000000657000000|  0%| F|  |TAMS 0x0000000656c00000| PB 0x0000000656c00000| Untracked 
|  48|0x0000000657000000, 0x0000000657000000, 0x0000000657400000|  0%| F|  |TAMS 0x0000000657000000| PB 0x0000000657000000| Untracked 
|  49|0x0000000657400000, 0x0000000657400000, 0x0000000657800000|  0%| F|  |TAMS 0x0000000657400000| PB 0x0000000657400000| Untracked 
|  50|0x0000000657800000, 0x0000000657800000, 0x0000000657c00000|  0%| F|  |TAMS 0x0000000657800000| PB 0x0000000657800000| Untracked 
|  51|0x0000000657c00000, 0x0000000657c00000, 0x0000000658000000|  0%| F|  |TAMS 0x0000000657c00000| PB 0x0000000657c00000| Untracked 
|  52|0x0000000658000000, 0x0000000658000000, 0x0000000658400000|  0%| F|  |TAMS 0x0000000658000000| PB 0x0000000658000000| Untracked 
|  53|0x0000000658400000, 0x0000000658400000, 0x0000000658800000|  0%| F|  |TAMS 0x0000000658400000| PB 0x0000000658400000| Untracked 
|  54|0x0000000658800000, 0x0000000658800000, 0x0000000658c00000|  0%| F|  |TAMS 0x0000000658800000| PB 0x0000000658800000| Untracked 
|  55|0x0000000658c00000, 0x0000000658c00000, 0x0000000659000000|  0%| F|  |TAMS 0x0000000658c00000| PB 0x0000000658c00000| Untracked 
|  56|0x0000000659000000, 0x0000000659000000, 0x0000000659400000|  0%| F|  |TAMS 0x0000000659000000| PB 0x0000000659000000| Untracked 
|  57|0x0000000659400000, 0x0000000659400000, 0x0000000659800000|  0%| F|  |TAMS 0x0000000659400000| PB 0x0000000659400000| Untracked 
|  58|0x0000000659800000, 0x0000000659800000, 0x0000000659c00000|  0%| F|  |TAMS 0x0000000659800000| PB 0x0000000659800000| Untracked 
|  59|0x0000000659c00000, 0x0000000659c00000, 0x000000065a000000|  0%| F|  |TAMS 0x0000000659c00000| PB 0x0000000659c00000| Untracked 
|  60|0x000000065a000000, 0x000000065a000000, 0x000000065a400000|  0%| F|  |TAMS 0x000000065a000000| PB 0x000000065a000000| Untracked 
|  61|0x000000065a400000, 0x000000065a400000, 0x000000065a800000|  0%| F|  |TAMS 0x000000065a400000| PB 0x000000065a400000| Untracked 
|  62|0x000000065a800000, 0x000000065a800000, 0x000000065ac00000|  0%| F|  |TAMS 0x000000065a800000| PB 0x000000065a800000| Untracked 
|  63|0x000000065ac00000, 0x000000065ac00000, 0x000000065b000000|  0%| F|  |TAMS 0x000000065ac00000| PB 0x000000065ac00000| Untracked 
|  64|0x000000065b000000, 0x000000065b000000, 0x000000065b400000|  0%| F|  |TAMS 0x000000065b000000| PB 0x000000065b000000| Untracked 
|  65|0x000000065b400000, 0x000000065b400000, 0x000000065b800000|  0%| F|  |TAMS 0x000000065b400000| PB 0x000000065b400000| Untracked 
|  66|0x000000065b800000, 0x000000065b800000, 0x000000065bc00000|  0%| F|  |TAMS 0x000000065b800000| PB 0x000000065b800000| Untracked 
|  67|0x000000065bc00000, 0x000000065bc00000, 0x000000065c000000|  0%| F|  |TAMS 0x000000065bc00000| PB 0x000000065bc00000| Untracked 
|  68|0x000000065c000000, 0x000000065c000000, 0x000000065c400000|  0%| F|  |TAMS 0x000000065c000000| PB 0x000000065c000000| Untracked 
|  69|0x000000065c400000, 0x000000065c400000, 0x000000065c800000|  0%| F|  |TAMS 0x000000065c400000| PB 0x000000065c400000| Untracked 
|  70|0x000000065c800000, 0x000000065c800000, 0x000000065cc00000|  0%| F|  |TAMS 0x000000065c800000| PB 0x000000065c800000| Untracked 
|  71|0x000000065cc00000, 0x000000065cc00000, 0x000000065d000000|  0%| F|  |TAMS 0x000000065cc00000| PB 0x000000065cc00000| Untracked 
|  72|0x000000065d000000, 0x000000065d000000, 0x000000065d400000|  0%| F|  |TAMS 0x000000065d000000| PB 0x000000065d000000| Untracked 
|  73|0x000000065d400000, 0x000000065d400000, 0x000000065d800000|  0%| F|  |TAMS 0x000000065d400000| PB 0x000000065d400000| Untracked 
|  74|0x000000065d800000, 0x000000065d800000, 0x000000065dc00000|  0%| F|  |TAMS 0x000000065d800000| PB 0x000000065d800000| Untracked 
|  75|0x000000065dc00000, 0x000000065dc00000, 0x000000065e000000|  0%| F|  |TAMS 0x000000065dc00000| PB 0x000000065dc00000| Untracked 
|  76|0x000000065e000000, 0x000000065e000000, 0x000000065e400000|  0%| F|  |TAMS 0x000000065e000000| PB 0x000000065e000000| Untracked 
|  77|0x000000065e400000, 0x000000065e400000, 0x000000065e800000|  0%| F|  |TAMS 0x000000065e400000| PB 0x000000065e400000| Untracked 
|  78|0x000000065e800000, 0x000000065e800000, 0x000000065ec00000|  0%| F|  |TAMS 0x000000065e800000| PB 0x000000065e800000| Untracked 
|  79|0x000000065ec00000, 0x000000065ec00000, 0x000000065f000000|  0%| F|  |TAMS 0x000000065ec00000| PB 0x000000065ec00000| Untracked 
|  80|0x000000065f000000, 0x000000065f000000, 0x000000065f400000|  0%| F|  |TAMS 0x000000065f000000| PB 0x000000065f000000| Untracked 
|  81|0x000000065f400000, 0x000000065f400000, 0x000000065f800000|  0%| F|  |TAMS 0x000000065f400000| PB 0x000000065f400000| Untracked 
|  82|0x000000065f800000, 0x000000065f800000, 0x000000065fc00000|  0%| F|  |TAMS 0x000000065f800000| PB 0x000000065f800000| Untracked 
|  83|0x000000065fc00000, 0x000000065fc00000, 0x0000000660000000|  0%| F|  |TAMS 0x000000065fc00000| PB 0x000000065fc00000| Untracked 
|  84|0x0000000660000000, 0x0000000660000000, 0x0000000660400000|  0%| F|  |TAMS 0x0000000660000000| PB 0x0000000660000000| Untracked 
|  85|0x0000000660400000, 0x0000000660400000, 0x0000000660800000|  0%| F|  |TAMS 0x0000000660400000| PB 0x0000000660400000| Untracked 
|  86|0x0000000660800000, 0x0000000660800000, 0x0000000660c00000|  0%| F|  |TAMS 0x0000000660800000| PB 0x0000000660800000| Untracked 
|  87|0x0000000660c00000, 0x0000000660c00000, 0x0000000661000000|  0%| F|  |TAMS 0x0000000660c00000| PB 0x0000000660c00000| Untracked 
|  88|0x0000000661000000, 0x0000000661000000, 0x0000000661400000|  0%| F|  |TAMS 0x0000000661000000| PB 0x0000000661000000| Untracked 
|  89|0x0000000661400000, 0x0000000661400000, 0x0000000661800000|  0%| F|  |TAMS 0x0000000661400000| PB 0x0000000661400000| Untracked 
|  90|0x0000000661800000, 0x0000000661800000, 0x0000000661c00000|  0%| F|  |TAMS 0x0000000661800000| PB 0x0000000661800000| Untracked 
|  91|0x0000000661c00000, 0x0000000661c00000, 0x0000000662000000|  0%| F|  |TAMS 0x0000000661c00000| PB 0x0000000661c00000| Untracked 
|  92|0x0000000662000000, 0x0000000662000000, 0x0000000662400000|  0%| F|  |TAMS 0x0000000662000000| PB 0x0000000662000000| Untracked 
|  93|0x0000000662400000, 0x0000000662400000, 0x0000000662800000|  0%| F|  |TAMS 0x0000000662400000| PB 0x0000000662400000| Untracked 
|  94|0x0000000662800000, 0x0000000662800000, 0x0000000662c00000|  0%| F|  |TAMS 0x0000000662800000| PB 0x0000000662800000| Untracked 
|  95|0x0000000662c00000, 0x0000000662c00000, 0x0000000663000000|  0%| F|  |TAMS 0x0000000662c00000| PB 0x0000000662c00000| Untracked 
|  96|0x0000000663000000, 0x0000000663000000, 0x0000000663400000|  0%| F|  |TAMS 0x0000000663000000| PB 0x0000000663000000| Untracked 
|  97|0x0000000663400000, 0x0000000663400000, 0x0000000663800000|  0%| F|  |TAMS 0x0000000663400000| PB 0x0000000663400000| Untracked 
|  98|0x0000000663800000, 0x0000000663800000, 0x0000000663c00000|  0%| F|  |TAMS 0x0000000663800000| PB 0x0000000663800000| Untracked 
|  99|0x0000000663c00000, 0x0000000663c00000, 0x0000000664000000|  0%| F|  |TAMS 0x0000000663c00000| PB 0x0000000663c00000| Untracked 
| 100|0x0000000664000000, 0x0000000664000000, 0x0000000664400000|  0%| F|  |TAMS 0x0000000664000000| PB 0x0000000664000000| Untracked 
| 101|0x0000000664400000, 0x0000000664400000, 0x0000000664800000|  0%| F|  |TAMS 0x0000000664400000| PB 0x0000000664400000| Untracked 
| 102|0x0000000664800000, 0x0000000664800000, 0x0000000664c00000|  0%| F|  |TAMS 0x0000000664800000| PB 0x0000000664800000| Untracked 
| 103|0x0000000664c00000, 0x0000000664e0f820, 0x0000000665000000| 51%| S|CS|TAMS 0x0000000664c00000| PB 0x0000000664c00000| Complete 
| 104|0x0000000665000000, 0x0000000665000000, 0x0000000665400000|  0%| F|  |TAMS 0x0000000665000000| PB 0x0000000665000000| Untracked 
| 105|0x0000000665400000, 0x0000000665400000, 0x0000000665800000|  0%| F|  |TAMS 0x0000000665400000| PB 0x0000000665400000| Untracked 
| 106|0x0000000665800000, 0x0000000665800000, 0x0000000665c00000|  0%| F|  |TAMS 0x0000000665800000| PB 0x0000000665800000| Untracked 
| 107|0x0000000665c00000, 0x0000000665c00000, 0x0000000666000000|  0%| F|  |TAMS 0x0000000665c00000| PB 0x0000000665c00000| Untracked 
| 108|0x0000000666000000, 0x0000000666000000, 0x0000000666400000|  0%| F|  |TAMS 0x0000000666000000| PB 0x0000000666000000| Untracked 
| 109|0x0000000666400000, 0x00000006666e0310, 0x0000000666800000| 71%| E|  |TAMS 0x0000000666400000| PB 0x0000000666400000| Complete 

Card table byte_map: [0x0000020822990000,0x0000020823740000] _byte_map_base: 0x000002081f738000

Marking Bits: (CMBitMap*) 0x0000020807ea2780
 Bits: [0x0000020823740000, 0x000002082a480000)

Polling page: 0x0000020807b70000

Metaspace:

Usage:
  Non-class:     13.08 MB used.
      Class:      1.34 MB used.
       Both:     14.42 MB used.

Virtual space:
  Non-class space:       64.00 MB reserved,      13.19 MB ( 21%) committed,  1 nodes.
      Class space:        1.00 GB reserved,       1.44 MB ( <1%) committed,  1 nodes.
             Both:        1.06 GB reserved,      14.62 MB (  1%) committed. 

Chunk freelists:
   Non-Class:  2.23 MB
       Class:  14.52 MB
        Both:  16.75 MB

MaxMetaspaceSize: unlimited
CompressedClassSpaceSize: 1.00 GB
Initial GC threshold: 21.00 MB
Current GC threshold: 21.00 MB
CDS: on
 - commit_granule_bytes: 65536.
 - commit_granule_words: 8192.
 - virtual_space_node_default_size: 8388608.
 - enlarge_chunks_in_place: 1.
 - use_allocation_guard: 0.


Internal statistics:

num_allocs_failed_limit: 0.
num_arena_births: 80.
num_arena_deaths: 0.
num_vsnodes_births: 2.
num_vsnodes_deaths: 0.
num_space_committed: 234.
num_space_uncommitted: 0.
num_chunks_returned_to_freelist: 0.
num_chunks_taken_from_freelist: 346.
num_chunk_merges: 0.
num_chunk_splits: 274.
num_chunks_enlarged: 229.
num_inconsistent_stats: 0.

CodeHeap 'non-profiled nmethods': size=119168Kb used=803Kb max_used=803Kb free=118364Kb
 bounds [0x00000208197c0000, 0x0000020819a30000, 0x0000020820c20000]
CodeHeap 'profiled nmethods': size=119104Kb used=3724Kb max_used=3724Kb free=115379Kb
 bounds [0x0000020811c20000, 0x0000020811fd0000, 0x0000020819070000]
CodeHeap 'non-nmethods': size=7488Kb used=3117Kb max_used=3152Kb free=4370Kb
 bounds [0x0000020819070000, 0x0000020819390000, 0x00000208197c0000]
CodeCache: size=245760Kb, used=7644Kb, max_used=7679Kb, free=238113Kb
 total_blobs=2592, nmethods=2011, adapters=482, full_count=0
Compilation: enabled, stopped_count=0, restarted_count=0

Compilation events (20 events):
Event: 1.889 Thread 0x0000020873238520 nmethod 2002 0x0000020811fbe390 code [0x0000020811fbe540, 0x0000020811fbe6a8]
Event: 1.889 Thread 0x000002082d538e90 nmethod 2000 0x0000020811fbe790 code [0x0000020811fbe940, 0x0000020811fbeb68]
Event: 1.889 Thread 0x000002082d657fe0 nmethod 2001 0x0000020811fbec90 code [0x0000020811fbee40, 0x0000020811fbf008]
Event: 1.889 Thread 0x000002082d61b190 2003       3       com.fasterxml.jackson.core.JsonStreamContext::inObject (14 bytes)
Event: 1.889 Thread 0x000002082d61b190 nmethod 2003 0x0000020811fbf110 code [0x0000020811fbf2a0, 0x0000020811fbf400]
Event: 1.889 Thread 0x000002082d657fe0 2004       3       com.fasterxml.jackson.databind.node.ArrayNode::add (17 bytes)
Event: 1.889 Thread 0x000002082d538e90 2005       3       com.fasterxml.jackson.databind.node.ArrayNode::_add (13 bytes)
Event: 1.889 Thread 0x000002082d538e90 nmethod 2005 0x0000020811fbf490 code [0x0000020811fbf640, 0x0000020811fbf828]
Event: 1.889 Thread 0x000002082d657fe0 nmethod 2004 0x0000020811fbf910 code [0x0000020811fbfae0, 0x0000020811fbfe60]
Event: 1.890 Thread 0x0000020873238520 2006       3       java.lang.invoke.BoundMethodHandle::<init> (32 bytes)
Event: 1.890 Thread 0x0000020873238520 nmethod 2006 0x0000020811fc0010 code [0x0000020811fc01c0, 0x0000020811fc0320]
Event: 1.904 Thread 0x000002082d61b190 2007       3       java.lang.invoke.LambdaForm$BasicType::basicTypeSlots (8 bytes)
Event: 1.904 Thread 0x000002082d657fe0 2008       3       sun.invoke.util.Wrapper::stackSlots (9 bytes)
Event: 1.904 Thread 0x000002082d61b190 nmethod 2007 0x0000020811fc0410 code [0x0000020811fc05c0, 0x0000020811fc0738]
Event: 1.904 Thread 0x000002082d657fe0 nmethod 2008 0x0000020811fc0810 code [0x0000020811fc09a0, 0x0000020811fc0ab0]
Event: 1.904 Thread 0x0000020873238520 2009       3       java.lang.invoke.InvokerBytecodeGenerator::emitLoadInsn (21 bytes)
Event: 1.904 Thread 0x000002082d538e90 2010       3       java.lang.invoke.InvokerBytecodeGenerator::loadInsnOpcode (98 bytes)
Event: 1.904 Thread 0x000002082d657fe0 2011       3       java.lang.invoke.InvokerBytecodeGenerator::emitPushArgument (150 bytes)
Event: 1.905 Thread 0x0000020873238520 nmethod 2009 0x0000020811fc0b10 code [0x0000020811fc0ce0, 0x0000020811fc0f40]
Event: 1.905 Thread 0x000002082d538e90 nmethod 2010 0x0000020811fc1090 code [0x0000020811fc1300, 0x0000020811fc1c48]

GC Heap History (4 events):
Event: 0.705 GC heap before
{Heap before GC invocations=0 (full 0):
 garbage-first heap   total 450560K, used 16384K [0x000000064b000000, 0x0000000800000000)
  region size 4096K, 5 young (20480K), 0 survivors (0K)
 Metaspace       used 6281K, committed 6464K, reserved 1114112K
  class space    used 509K, committed 640K, reserved 1048576K
}
Event: 0.710 GC heap after
{Heap after GC invocations=1 (full 0):
 garbage-first heap   total 450560K, used 4849K [0x000000064b000000, 0x0000000800000000)
  region size 4096K, 1 young (4096K), 1 survivors (4096K)
 Metaspace       used 6281K, committed 6464K, reserved 1114112K
  class space    used 509K, committed 640K, reserved 1048576K
}
Event: 1.558 GC heap before
{Heap before GC invocations=1 (full 0):
 garbage-first heap   total 450560K, used 21233K [0x000000064b000000, 0x0000000800000000)
  region size 4096K, 6 young (24576K), 1 survivors (4096K)
 Metaspace       used 14302K, committed 14464K, reserved 1114112K
  class space    used 1334K, committed 1408K, reserved 1048576K
}
Event: 1.564 GC heap after
{Heap after GC invocations=2 (full 0):
 garbage-first heap   total 450560K, used 7133K [0x000000064b000000, 0x0000000800000000)
  region size 4096K, 1 young (4096K), 1 survivors (4096K)
 Metaspace       used 14302K, committed 14464K, reserved 1114112K
  class space    used 1334K, committed 1408K, reserved 1048576K
}

Dll operation events (12 events):
Event: 0.021 Loaded shared library C:\Users\Maxence\.jdks\ms-21.0.9\bin\java.dll
Event: 0.065 Loaded shared library C:\Users\Maxence\.jdks\ms-21.0.9\bin\jsvml.dll
Event: 0.156 Loaded shared library C:\Users\Maxence\.jdks\ms-21.0.9\bin\zip.dll
Event: 0.161 Loaded shared library C:\Users\Maxence\.jdks\ms-21.0.9\bin\instrument.dll
Event: 0.168 Loaded shared library C:\Users\Maxence\.jdks\ms-21.0.9\bin\net.dll
Event: 0.171 Loaded shared library C:\Users\Maxence\.jdks\ms-21.0.9\bin\nio.dll
Event: 0.175 Loaded shared library C:\Users\Maxence\.jdks\ms-21.0.9\bin\zip.dll
Event: 0.245 Loaded shared library C:\Users\Maxence\.jdks\ms-21.0.9\bin\extnet.dll
Event: 0.368 Loaded shared library C:\Users\Maxence\.jdks\ms-21.0.9\bin\jimage.dll
Event: 0.440 Loaded shared library C:\Users\Maxence\.jdks\ms-21.0.9\bin\sunmscapi.dll
Event: 1.899 Loaded shared library C:\Users\Maxence\.jdks\ms-21.0.9\bin\verify.dll
Event: 1.903 Loaded shared library C:\Users\Maxence\.jssc\windows\jSSC-2.8_x86_64.dll

Deoptimization events (20 events):
Event: 1.651 Thread 0x0000020807e0c530 DEOPT PACKING pc=0x0000020819866ca4 sp=0x000000ed55dfd820
Event: 1.651 Thread 0x0000020807e0c530 DEOPT UNPACKING pc=0x00000208190c4422 sp=0x000000ed55dfd6a8 mode 2
Event: 1.651 Thread 0x0000020807e0c530 Uncommon trap: trap_request=0xffffffc6 fr.pc=0x0000020819855614 relative=0x0000000000000414
Event: 1.651 Thread 0x0000020807e0c530 Uncommon trap: reason=bimorphic_or_optimized_type_check action=maybe_recompile pc=0x0000020819855614 method=sun.security.util.math.intpoly.IntegerPolynomial.multByInt([JJ)V @ 26 c2
Event: 1.651 Thread 0x0000020807e0c530 DEOPT PACKING pc=0x0000020819855614 sp=0x000000ed55dfd7c0
Event: 1.651 Thread 0x0000020807e0c530 DEOPT UNPACKING pc=0x00000208190c4422 sp=0x000000ed55dfd6a8 mode 2
Event: 1.651 Thread 0x0000020807e0c530 Uncommon trap: trap_request=0xffffff66 fr.pc=0x0000020819866ca4 relative=0x0000000000003404
Event: 1.651 Thread 0x0000020807e0c530 Uncommon trap: reason=speculate_class_check action=maybe_recompile pc=0x0000020819866ca4 method=sun.security.util.math.intpoly.IntegerPolynomial.multByInt([JJ)V @ 26 c2
Event: 1.651 Thread 0x0000020807e0c530 DEOPT PACKING pc=0x0000020819866ca4 sp=0x000000ed55dfd820
Event: 1.651 Thread 0x0000020807e0c530 DEOPT UNPACKING pc=0x00000208190c4422 sp=0x000000ed55dfd6a8 mode 2
Event: 1.725 Thread 0x00000208742323b0 DEOPT PACKING pc=0x0000020811f302bd sp=0x000000ed584fdea0
Event: 1.725 Thread 0x00000208742323b0 DEOPT UNPACKING pc=0x00000208190c4bc2 sp=0x000000ed584fd2d0 mode 0
Event: 1.791 Thread 0x0000020807e0c530 Uncommon trap: trap_request=0xffffffc6 fr.pc=0x0000020819826618 relative=0x00000000000002b8
Event: 1.791 Thread 0x0000020807e0c530 Uncommon trap: reason=bimorphic_or_optimized_type_check action=maybe_recompile pc=0x0000020819826618 method=java.util.HashMap.getNode(Ljava/lang/Object;)Ljava/util/HashMap$Node; @ 128 c2
Event: 1.791 Thread 0x0000020807e0c530 DEOPT PACKING pc=0x0000020819826618 sp=0x000000ed55dfe270
Event: 1.791 Thread 0x0000020807e0c530 DEOPT UNPACKING pc=0x00000208190c4422 sp=0x000000ed55dfe1e8 mode 2
Event: 1.791 Thread 0x0000020807e0c530 Uncommon trap: trap_request=0xffffffc6 fr.pc=0x0000020819826618 relative=0x00000000000002b8
Event: 1.791 Thread 0x0000020807e0c530 Uncommon trap: reason=bimorphic_or_optimized_type_check action=maybe_recompile pc=0x0000020819826618 method=java.util.HashMap.getNode(Ljava/lang/Object;)Ljava/util/HashMap$Node; @ 128 c2
Event: 1.791 Thread 0x0000020807e0c530 DEOPT PACKING pc=0x0000020819826618 sp=0x000000ed55dfe270
Event: 1.791 Thread 0x0000020807e0c530 DEOPT UNPACKING pc=0x00000208190c4422 sp=0x000000ed55dfe1e8 mode 2

Classes loaded (20 events):
Event: 1.455 Loading class java/util/concurrent/ThreadPoolExecutor$Worker
Event: 1.455 Loading class java/util/concurrent/ThreadPoolExecutor$Worker done
Event: 1.461 Loading class sun/security/ssl/PostHandshakeContext
Event: 1.461 Loading class sun/security/ssl/PostHandshakeContext done
Event: 1.462 Loading class sun/security/ssl/NewSessionTicket$T13NewSessionTicketMessage
Event: 1.462 Loading class sun/security/ssl/NewSessionTicket$NewSessionTicketMessage
Event: 1.462 Loading class sun/security/ssl/NewSessionTicket$NewSessionTicketMessage done
Event: 1.462 Loading class sun/security/ssl/NewSessionTicket$T13NewSessionTicketMessage done
Event: 1.556 Loading class java/util/concurrent/atomic/AtomicReferenceArray
Event: 1.557 Loading class java/util/concurrent/atomic/AtomicReferenceArray done
Event: 1.557 Loading class java/lang/invoke/VarHandleReferences$Array
Event: 1.557 Loading class java/lang/invoke/VarHandleReferences$Array done
Event: 1.576 Loading class jdk/internal/math/FDBigInteger
Event: 1.576 Loading class jdk/internal/math/FDBigInteger done
Event: 1.579 Loading class java/util/Formatter$FixedString
Event: 1.579 Loading class java/util/Formatter$FixedString done
Event: 1.579 Loading class jdk/internal/math/FormattedFPDecimal
Event: 1.579 Loading class jdk/internal/math/FormattedFPDecimal done
Event: 1.730 Loading class java/util/zip/DataFormatException
Event: 1.730 Loading class java/util/zip/DataFormatException done

Classes unloaded (0 events):
No events

Classes redefined (0 events):
No events

Internal exceptions (9 events):
Event: 0.223 Thread 0x0000020807e0c530 Exception <a 'java/lang/NoSuchMethodError'{0x00000006661649b8}: 'void java.lang.invoke.DirectMethodHandle$Holder.invokeStatic(java.lang.Object, java.lang.Object, java.lang.Object)'> (0x00000006661649b8) 
thrown [s\src\hotspot\share\interpreter\linkResolver.cpp, line 773]
Event: 0.229 Thread 0x0000020807e0c530 Exception <a 'java/lang/NoSuchMethodError'{0x000000066617c4d0}: 'java.lang.Object java.lang.invoke.Invokers$Holder.invokeExact_MT(java.lang.Object, java.lang.Object, java.lang.Object, java.lang.Object, java.lang.Object)'> (0x000000066617c4d0) 
thrown [s\src\hotspot\share\interpreter\linkResolver.cpp, line 773]
Event: 0.248 Thread 0x000002087301e080 Exception <a 'java/lang/NoSuchMethodError'{0x000000066622c4f0}: 'void java.lang.invoke.DirectMethodHandle$Holder.invokeStatic(java.lang.Object, java.lang.Object)'> (0x000000066622c4f0) 
thrown [s\src\hotspot\share\interpreter\linkResolver.cpp, line 773]
Event: 0.354 Thread 0x0000020807e0c530 Exception <a 'java/lang/NoSuchMethodError'{0x0000000665f62d78}: 'java.lang.Object java.lang.invoke.DirectMethodHandle$Holder.invokeStatic(java.lang.Object, java.lang.Object, int, java.lang.Object)'> (0x0000000665f62d78) 
thrown [s\src\hotspot\share\interpreter\linkResolver.cpp, line 773]
Event: 0.355 Thread 0x0000020807e0c530 Exception <a 'java/lang/NoSuchMethodError'{0x0000000665f68e20}: 'java.lang.Object java.lang.invoke.DirectMethodHandle$Holder.newInvokeSpecial(java.lang.Object, java.lang.Object, int)'> (0x0000000665f68e20) 
thrown [s\src\hotspot\share\interpreter\linkResolver.cpp, line 773]
Event: 0.504 Thread 0x0000020807e0c530 Exception <a 'java/lang/NoSuchMethodError'{0x00000006659d87a8}: 'void java.lang.invoke.DirectMethodHandle$Holder.invokeVirtual(java.lang.Object, java.lang.Object)'> (0x00000006659d87a8) 
thrown [s\src\hotspot\share\interpreter\linkResolver.cpp, line 773]
Event: 0.593 Thread 0x0000020807e0c530 Exception <a 'sun/nio/fs/WindowsException'{0x00000006656f2c38}> (0x00000006656f2c38) 
thrown [s\src\hotspot\share\prims\jni.cpp, line 520]
Event: 0.674 Thread 0x0000020807e0c530 Exception <a 'java/lang/NoSuchMethodError'{0x00000006657a1338}: 'java.lang.Object java.lang.invoke.DirectMethodHandle$Holder.invokeStaticInit(java.lang.Object, int, int, int, int)'> (0x00000006657a1338) 
thrown [s\src\hotspot\share\interpreter\linkResolver.cpp, line 773]
Event: 0.697 Thread 0x0000020807e0c530 Exception <a 'java/lang/NoSuchMethodError'{0x00000006657ea618}: 'java.lang.Object java.lang.invoke.DirectMethodHandle$Holder.invokeStaticInit(java.lang.Object, java.lang.Object, int, int, int, int)'> (0x00000006657ea618) 
thrown [s\src\hotspot\share\interpreter\linkResolver.cpp, line 773]

ZGC Phase Switch (0 events):
No events

VM Operations (20 events):
Event: 0.705 Executing VM operation: G1CollectForAllocation (G1 Evacuation Pause)
Event: 0.710 Executing VM operation: G1CollectForAllocation (G1 Evacuation Pause) done
Event: 0.730 Executing VM operation: HandshakeAllThreads (Deoptimize)
Event: 0.730 Executing VM operation: HandshakeAllThreads (Deoptimize) done
Event: 1.011 Executing VM operation: HandshakeAllThreads (Deoptimize)
Event: 1.011 Executing VM operation: HandshakeAllThreads (Deoptimize) done
Event: 1.128 Executing VM operation: HandshakeAllThreads (Deoptimize)
Event: 1.128 Executing VM operation: HandshakeAllThreads (Deoptimize) done
Event: 1.142 Executing VM operation: HandshakeAllThreads (Deoptimize)
Event: 1.142 Executing VM operation: HandshakeAllThreads (Deoptimize) done
Event: 1.163 Executing VM operation: HandshakeAllThreads (Deoptimize)
Event: 1.163 Executing VM operation: HandshakeAllThreads (Deoptimize) done
Event: 1.456 Executing VM operation: HandshakeAllThreads (Deoptimize)
Event: 1.456 Executing VM operation: HandshakeAllThreads (Deoptimize) done
Event: 1.456 Executing VM operation: HandshakeAllThreads (Deoptimize)
Event: 1.456 Executing VM operation: HandshakeAllThreads (Deoptimize) done
Event: 1.558 Executing VM operation: G1CollectForAllocation (G1 Evacuation Pause)
Event: 1.564 Executing VM operation: G1CollectForAllocation (G1 Evacuation Pause) done
Event: 1.575 Executing VM operation: HandshakeAllThreads (Deoptimize)
Event: 1.575 Executing VM operation: HandshakeAllThreads (Deoptimize) done

Memory protections (0 events):
No events

Nmethod flushes (0 events):
No events

Events (20 events):
Event: 0.165 Thread 0x0000020807e0c530 Thread added: 0x000002082d7033d0
Event: 0.203 Thread 0x000002082d534ef0 Thread added: 0x000002082d8b3080
Event: 0.233 Thread 0x0000020807e0c530 Thread added: 0x000002087301e080
Event: 0.233 Thread 0x0000020807e0c530 Thread added: 0x000002087301e6e0
Event: 0.317 Thread 0x000002082d538e90 Thread added: 0x0000020873238520
Event: 0.837 Thread 0x000002082d61b190 Thread added: 0x0000020873771990
Event: 1.037 Thread 0x000002082d534ef0 Thread added: 0x000002087384ead0
Event: 1.236 Thread 0x0000020873238520 Thread added: 0x00000208737d7ad0
Event: 1.236 Thread 0x0000020873238520 Thread added: 0x00000208737d8170
Event: 1.456 Thread 0x0000020807e0c530 Thread added: 0x0000020873d87a40
Event: 1.458 Thread 0x0000020807e0c530 Thread added: 0x0000020873f26dd0
Event: 1.474 Thread 0x0000020873f26dd0 Thread added: 0x00000208742323b0
Event: 1.483 Thread 0x00000208742323b0 Thread added: 0x0000020874232e20
Event: 1.484 Thread 0x0000020807e0c530 Thread added: 0x0000020874446110
Event: 1.608 Thread 0x00000208737d8170 Thread exited: 0x00000208737d8170
Event: 1.608 Thread 0x00000208737d7ad0 Thread exited: 0x00000208737d7ad0
Event: 1.608 Thread 0x000002087384ead0 Thread exited: 0x000002087384ead0
Event: 1.727 Thread 0x0000020873f26dd0 Thread added: 0x0000020873d61030
Event: 1.868 Thread 0x0000020873d61030 Thread added: 0x0000020873d4a700
Event: 1.868 Thread 0x0000020874232e20 Thread added: 0x0000020874792770


Dynamic libraries:
0x00007ff7182f0000 - 0x00007ff7182fe000 	C:\Users\Maxence\.jdks\ms-21.0.9\bin\java.exe
0x00007ffa24e20000 - 0x00007ffa25087000 	C:\WINDOWS\SYSTEM32\ntdll.dll
0x00007ffa23930000 - 0x00007ffa239f9000 	C:\WINDOWS\System32\KERNEL32.DLL
0x00007ffa224e0000 - 0x00007ffa228cf000 	C:\WINDOWS\System32\KERNELBASE.dll
0x00007ffa22390000 - 0x00007ffa224db000 	C:\WINDOWS\System32\ucrtbase.dll
0x00007ffa1bea0000 - 0x00007ffa1beb8000 	C:\Users\Maxence\.jdks\ms-21.0.9\bin\jli.dll
0x00007ffa1be80000 - 0x00007ffa1be9e000 	C:\Users\Maxence\.jdks\ms-21.0.9\bin\VCRUNTIME140.dll
0x00007ffa24840000 - 0x00007ffa24a05000 	C:\WINDOWS\System32\USER32.dll
0x00007ffa0f4e0000 - 0x00007ffa0f773000 	C:\WINDOWS\WinSxS\amd64_microsoft.windows.common-controls_6595b64144ccf1df_6.0.26100.7309_none_3e05feeae336a044\COMCTL32.dll
0x00007ffa22150000 - 0x00007ffa22177000 	C:\WINDOWS\System32\win32u.dll
0x00007ffa23d10000 - 0x00007ffa23db9000 	C:\WINDOWS\System32\msvcrt.dll
0x00007ffa23dc0000 - 0x00007ffa23deb000 	C:\WINDOWS\System32\GDI32.dll
0x00007ffa22020000 - 0x00007ffa2214c000 	C:\WINDOWS\System32\gdi32full.dll
0x00007ffa21f70000 - 0x00007ffa22013000 	C:\WINDOWS\System32\msvcp_win.dll
0x00007ffa24010000 - 0x00007ffa24041000 	C:\WINDOWS\System32\IMM32.DLL
0x00007ffa1be70000 - 0x00007ffa1be7c000 	C:\Users\Maxence\.jdks\ms-21.0.9\bin\vcruntime140_1.dll
0x00007ffa1bde0000 - 0x00007ffa1be69000 	C:\Users\Maxence\.jdks\ms-21.0.9\bin\msvcp140.dll
0x00007ff972080000 - 0x00007ff972e2d000 	C:\Users\Maxence\.jdks\ms-21.0.9\bin\server\jvm.dll
0x00007ffa24760000 - 0x00007ffa24814000 	C:\WINDOWS\System32\ADVAPI32.dll
0x00007ffa233a0000 - 0x00007ffa23446000 	C:\WINDOWS\System32\sechost.dll
0x00007ffa23ef0000 - 0x00007ffa24008000 	C:\WINDOWS\System32\RPCRT4.dll
0x00007ffa24680000 - 0x00007ffa246f4000 	C:\WINDOWS\System32\WS2_32.dll
0x00007ffa166b0000 - 0x00007ffa166e5000 	C:\WINDOWS\SYSTEM32\WINMM.dll
0x00007ffa14140000 - 0x00007ffa1414b000 	C:\WINDOWS\SYSTEM32\VERSION.dll
0x00007ffa21dd0000 - 0x00007ffa21e2e000 	C:\WINDOWS\SYSTEM32\POWRPROF.dll
0x00007ffa21db0000 - 0x00007ffa21dc4000 	C:\WINDOWS\SYSTEM32\UMPDC.dll
0x00007ffa20ce0000 - 0x00007ffa20cfb000 	C:\WINDOWS\SYSTEM32\kernel.appcore.dll
0x00007ffa1bdd0000 - 0x00007ffa1bdda000 	C:\Users\Maxence\.jdks\ms-21.0.9\bin\jimage.dll
0x00007ffa1f660000 - 0x00007ffa1f8a2000 	C:\WINDOWS\SYSTEM32\DBGHELP.DLL
0x00007ffa24150000 - 0x00007ffa244d5000 	C:\WINDOWS\System32\combase.dll
0x00007ffa24070000 - 0x00007ffa24146000 	C:\WINDOWS\System32\OLEAUT32.dll
0x00007ffa02ef0000 - 0x00007ffa02f2c000 	C:\WINDOWS\SYSTEM32\dbgcore.DLL
0x00007ffa228e0000 - 0x00007ffa22985000 	C:\WINDOWS\System32\bcryptPrimitives.dll
0x00007ffa1bdc0000 - 0x00007ffa1bdd0000 	C:\Users\Maxence\.jdks\ms-21.0.9\bin\instrument.dll
0x00007ffa13320000 - 0x00007ffa13341000 	C:\Users\Maxence\.jdks\ms-21.0.9\bin\java.dll
0x00007ffa22c40000 - 0x00007ffa23393000 	C:\WINDOWS\System32\SHELL32.dll
0x00007ffa22990000 - 0x00007ffa22afa000 	C:\WINDOWS\System32\wintypes.dll
0x00007ffa1fb30000 - 0x00007ffa2038e000 	C:\WINDOWS\SYSTEM32\windows.storage.dll
0x00007ffa23c10000 - 0x00007ffa23d05000 	C:\WINDOWS\System32\SHCORE.dll
0x00007ffa24d70000 - 0x00007ffa24dd6000 	C:\WINDOWS\System32\shlwapi.dll
0x00007ffa21e90000 - 0x00007ffa21eb9000 	C:\WINDOWS\SYSTEM32\profapi.dll
0x00007ff978940000 - 0x00007ff978a16000 	C:\Users\Maxence\.jdks\ms-21.0.9\bin\jsvml.dll
0x00007ffa11ce0000 - 0x00007ffa11cf8000 	C:\Users\Maxence\.jdks\ms-21.0.9\bin\zip.dll
0x00007ffa11d20000 - 0x00007ffa11d31000 	C:\Users\Maxence\.jdks\ms-21.0.9\bin\net.dll
0x00007ffa1b1d0000 - 0x00007ffa1b2f8000 	C:\WINDOWS\SYSTEM32\WINHTTP.dll
0x00007ffa21230000 - 0x00007ffa2129b000 	C:\WINDOWS\system32\mswsock.dll
0x00007ffa11d00000 - 0x00007ffa11d16000 	C:\Users\Maxence\.jdks\ms-21.0.9\bin\nio.dll
0x00007ffa13920000 - 0x00007ffa13929000 	C:\Users\Maxence\.jdks\ms-21.0.9\bin\extnet.dll
0x00007ffa131b0000 - 0x00007ffa131be000 	C:\Users\Maxence\.jdks\ms-21.0.9\bin\sunmscapi.dll
0x00007ffa22210000 - 0x00007ffa22387000 	C:\WINDOWS\System32\CRYPT32.dll
0x00007ffa21770000 - 0x00007ffa217a0000 	C:\WINDOWS\SYSTEM32\ncrypt.dll
0x00007ffa21720000 - 0x00007ffa2175f000 	C:\WINDOWS\SYSTEM32\NTASN1.dll
0x00007ffa21620000 - 0x00007ffa2163b000 	C:\WINDOWS\SYSTEM32\CRYPTSP.dll
0x00007ffa20c40000 - 0x00007ffa20c7a000 	C:\WINDOWS\system32\rsaenh.dll
0x00007ffa212e0000 - 0x00007ffa2130b000 	C:\WINDOWS\SYSTEM32\USERENV.dll
0x00007ffa21e60000 - 0x00007ffa21e8a000 	C:\WINDOWS\SYSTEM32\bcrypt.dll
0x00007ffa21480000 - 0x00007ffa2148c000 	C:\WINDOWS\SYSTEM32\CRYPTBASE.dll
0x00007ffa20780000 - 0x00007ffa207b4000 	C:\WINDOWS\SYSTEM32\IPHLPAPI.DLL
0x00007ffa24ca0000 - 0x00007ffa24caa000 	C:\WINDOWS\System32\NSI.dll
0x00007ffa207c0000 - 0x00007ffa208ec000 	C:\WINDOWS\SYSTEM32\DNSAPI.dll
0x00007ffa1a470000 - 0x00007ffa1a47b000 	C:\Windows\System32\rasadhlp.dll
0x00007ffa1b800000 - 0x00007ffa1b886000 	C:\WINDOWS\System32\fwpuclnt.dll
0x00007ff9eeeb0000 - 0x00007ff9eeec0000 	C:\Users\Maxence\.jdks\ms-21.0.9\bin\verify.dll
0x0000000071100000 - 0x0000000071125000 	C:\Users\Maxence\.jssc\windows\jSSC-2.8_x86_64.dll

JVMTI agents:
C:\Program Files\JetBrains\IntelliJ IDEA 2025.3\lib\idea_rt.jar path:C:\Users\Maxence\.jdks\ms-21.0.9\bin\instrument.dll, loaded, initialized, instrumentlib options:56687

dbghelp: loaded successfully - version: 4.0.5 - missing functions: none
symbol engine: initialized successfully - sym options: 0x614 - pdb path: .;C:\Users\Maxence\.jdks\ms-21.0.9\bin;C:\WINDOWS\SYSTEM32;C:\WINDOWS\WinSxS\amd64_microsoft.windows.common-controls_6595b64144ccf1df_6.0.26100.7309_none_3e05feeae336a044;C:\Users\Maxence\.jdks\ms-21.0.9\bin\server;C:\Users\Maxence\.jssc\windows

VM Arguments:
jvm_args: -javaagent:C:\Program Files\JetBrains\IntelliJ IDEA 2025.3\lib\idea_rt.jar=56687 -Dfile.encoding=UTF-8 -Dsun.stdout.encoding=UTF-8 -Dsun.stderr.encoding=UTF-8 
java_command: org.example.Main
java_class_path (initial): C:\Users\Maxence\Documents\CPE\ProjetTransverse\Repo_GIT_Project\4irc-sdmis-incident-system\simulator\Simulator\target\classes;C:\Users\Maxence\.m2\repository\org\springframework\boot\spring-boot-starter-web\2.7.6\spring-boot-starter-web-2.7.6.jar;C:\Users\Maxence\.m2\repository\org\springframework\boot\spring-boot-starter\2.7.6\spring-boot-starter-2.7.6.jar;C:\Users\Maxence\.m2\repository\org\springframework\boot\spring-boot\2.7.6\spring-boot-2.7.6.jar;C:\Users\Maxence\.m2\repository\org\springframework\boot\spring-boot-autoconfigure\2.7.6\spring-boot-autoconfigure-2.7.6.jar;C:\Users\Maxence\.m2\repository\org\springframework\boot\spring-boot-starter-logging\2.7.6\spring-boot-starter-logging-2.7.6.jar;C:\Users\Maxence\.m2\repository\ch\qos\logback\logback-classic\1.2.11\logback-classic-1.2.11.jar;C:\Users\Maxence\.m2\repository\ch\qos\logback\logback-core\1.2.11\logback-core-1.2.11.jar;C:\Users\Maxence\.m2\repository\org\slf4j\slf4j-api\1.7.36\slf4j-api-1.7.36.jar;C:\Users\Maxence\.m2\repository\org\apache\logging\log4j\log4j-to-slf4j\2.17.2\log4j-to-slf4j-2.17.2.jar;C:\Users\Maxence\.m2\repository\org\apache\logging\log4j\log4j-api\2.17.2\log4j-api-2.17.2.jar;C:\Users\Maxence\.m2\repository\org\slf4j\jul-to-slf4j\1.7.36\jul-to-slf4j-1.7.36.jar;C:\Users\Maxence\.m2\repository\jakarta\annotation\jakarta.annotation-api\1.3.5\jakarta.annotation-api-1.3.5.jar;C:\Users\Maxence\.m2\repository\org\springframework\spring-core\5.3.24\spring-core-5.3.24.jar;C:\Users\Maxence\.m2\repository\org\springframework\spring-jcl\5.3.24\spring-jcl-5.3.24.jar;C:\Users\Maxence\.m2\repository\org\yaml\snakeyaml\1.30\snakeyaml-1.30.jar;C:\Users\Maxence\.m2\repository\org\springframework\boot\spring-boot-starter-json\2.7.6\spring-boot-starter-json-2.7.6.jar;C:\Users\Maxence\.m2\repository\com\fasterxml\jackson\datatype\jackson-datatype-jdk8\2.13.4\jackson-datatype-jdk8-2.13.4.jar;C:\Users\Maxence\.m2\repository\com\fasterxml\jackson\datatype\jackson-datatype-jsr310\2.13.4\jackson-datatype-jsr310-2.13.4.jar;C:\Users\Maxence\.m2\repository\com\fasterxml\jackson\module\jackson-module-parameter-names\2.13.4\jackson-module-parameter-names-2.13.4.jar;C:\Users\Maxence\.m2\repository\org\springframework\boot\spring-boot-starter-tomcat\2.7.6\spring-boot-starter-tomcat-2.7.6.jar;C:\Users\Maxence\.m2\repository\org\apache\tomcat\embed\tomcat-embed-core\9.0.69\tomcat-embed-core-9.0.69.jar;C:\Users\Maxence\.m2\repository\org\apache\tomcat\embed\tomcat-embed-el\9.0.69\tomcat-embed-el-9.0.69.jar;C:\Users\Maxence\.m2\repository\org\apache\tomcat\embed\tomcat-embed-websocket\9.0.69\tomcat-embed-websocket-9.0.69.jar;C:\Users\Maxence\.m2\repository\org\springframework\spring-web\5.3.24\spring-web-5.3.24.jar;C:\Users\Maxence\.m2\repository\org\springframework\spring-beans\5.3.24\spring-beans-5.3.24.jar;C:\Users\Maxence\.m2\repository\org\springframework\spring-webmvc\5.3.24\spring-webmvc-5.3.24.jar;C:\Users\Maxence\.m2\repository\org\springframework\spring-aop\5.3.24\spring-aop-5.3.24.jar;C:\Users\Maxence\.m2\repository\org\springframework\spring-context\5.3.24\spring-context-5.3.24.jar;C:\Users\Maxence\.m2\repository\org\springframework\spring-expression\5.3.24\spring-expression-5.3.24.jar;C:\Users\Maxence\.m2\repository\org\scream3r\jssc\2.8.0\jssc-2.8.0.jar;C:\Users\Maxence\.m2\repository\com\squareup\okhttp3\okhttp\4.11.0\okhttp-4.11.0.jar;C:\Users\Maxence\.m2\repository\com\squareup\okio\okio\3.2.0\okio-3.2.0.jar;C:\Users\Maxence\.m2\repository\com\squareup\okio\okio-jvm\3.2.0\okio-jvm-3.2.0.jar;C:\Users\Maxence\.m2\repository\org\jetbrains\kotlin\kotlin-stdlib\1.6.21\kotlin-stdlib-1.6.21.jar;C:\Users\Maxence\.m2\repository\org\jetbrains\kotlin\kotlin-stdlib-common\1.6.21\kotlin-stdlib-common-1.6.21.jar;C:\Users\Maxence\.m2\repository\org\jetbrains\annotations\13.0\annotations-13.0.jar;C:\Users\Maxence\.m2\repository\org\jetbrains\kotlin\kotlin-stdlib-jdk8\1.6.21\kotlin-stdlib-jdk8-1.6.21.jar;C:\Users\Maxence\.m2\repository\org\jetbrains\kotlin\kotlin-stdlib-jdk7\1.6.21\kotlin-stdlib-jdk7-1.6.21.jar;C:\Users\Maxence\.m2\repository\com\fasterxml\jackson\core\jackson-databind\2.13.4.2\jackson-databind-2.13.4.2.jar;C:\Users\Maxence\.m2\repository\com\fasterxml\jackson\core\jackson-annotations\2.13.4\jackson-annotations-2.13.4.jar;C:\Users\Maxence\.m2\repository\com\fasterxml\jackson\core\jackson-core\2.13.4\jackson-core-2.13.4.jar
Launcher Type: SUN_STANDARD

[Global flags]
     intx CICompilerCount                          = 12                                        {product} {ergonomic}
     uint ConcGCThreads                            = 3                                         {product} {ergonomic}
     uint G1ConcRefinementThreads                  = 13                                        {product} {ergonomic}
   size_t G1HeapRegionSize                         = 4194304                                   {product} {ergonomic}
    uintx GCDrainStackTargetSize                   = 64                                        {product} {ergonomic}
   size_t InitialHeapSize                          = 461373440                                 {product} {ergonomic}
   size_t MarkStackSize                            = 4194304                                   {product} {ergonomic}
   size_t MaxHeapSize                              = 7331643392                                {product} {ergonomic}
   size_t MaxNewSize                               = 4395630592                                {product} {ergonomic}
   size_t MinHeapDeltaBytes                        = 4194304                                   {product} {ergonomic}
   size_t MinHeapSize                              = 8388608                                   {product} {ergonomic}
    uintx NonNMethodCodeHeapSize                   = 7602480                                {pd product} {ergonomic}
    uintx NonProfiledCodeHeapSize                  = 122027880                              {pd product} {ergonomic}
    uintx ProfiledCodeHeapSize                     = 122027880                              {pd product} {ergonomic}
    uintx ReservedCodeCacheSize                    = 251658240                              {pd product} {ergonomic}
     bool SegmentedCodeCache                       = true                                      {product} {ergonomic}
   size_t SoftMaxHeapSize                          = 7331643392                             {manageable} {ergonomic}
     bool UseCompressedOops                        = true                           {product lp64_product} {ergonomic}
     bool UseG1GC                                  = true                                      {product} {ergonomic}
     bool UseLargePagesIndividualAllocation        = false                                  {pd product} {ergonomic}

Logging:
Log output configuration:
 #0: stdout all=warning uptime,level,tags foldmultilines=false
 #1: stderr all=off uptime,level,tags foldmultilines=false

Release file:
IMPLEMENTOR="Microsoft" 
IMPLEMENTOR_VERSION="Microsoft-12574459" 
JAVA_RUNTIME_VERSION="21.0.9+10-LTS" 
JAVA_VERSION="21.0.9" 
JAVA_VERSION_DATE="2025-10-21" 
LIBC="default" 
MODULES="java.base java.compiler java.datatransfer java.xml java.prefs java.desktop java.instrument java.logging java.management java.security.sasl java.naming java.rmi java.management.rmi java.net.http java.scripting java.security.jgss java.transaction.xa java.sql java.sql.rowset java.xml.crypto java.se java.smartcardio jdk.accessibility jdk.internal.jvmstat jdk.attach jdk.charsets jdk.internal.opt jdk.zipfs jdk.compiler jdk.crypto.ec jdk.crypto.cryptoki jdk.crypto.mscapi jdk.dynalink jdk.internal.ed jdk.editpad jdk.hotspot.agent jdk.httpserver jdk.incubator.vector jdk.internal.le jdk.internal.vm.ci jdk.internal.vm.compiler jdk.internal.vm.compiler.management jdk.jartool jdk.javadoc jdk.jcmd jdk.management jdk.management.agent jdk.jconsole jdk.jdeps jdk.jdwp.agent jdk.jdi jdk.jfr jdk.jlink jdk.jpackage jdk.jshell jdk.jsobject jdk.jstatd jdk.localedata jdk.management.jfr jdk.naming.dns jdk.naming.rmi jdk.net jdk.nio.mapmode jdk.random jdk.sctp jdk.security.auth jdk.security.jgss jdk.unsupported jdk.unsupported.desktop jdk.xml.dom" 
OS_ARCH="x86_64" 
OS_NAME="Windows" 
SOURCE=".:git:e0bc49609000" 

Environment Variables:
PATH=C:\Program Files (x86)\VMware\VMware Workstation\bin\;C:\WINDOWS\system32;C:\WINDOWS;C:\WINDOWS\System32\Wbem;C:\WINDOWS\System32\WindowsPowerShell\v1.0\;C:\WINDOWS\System32\OpenSSH\;C:\Program Files\Docker\Docker\resources\bin;C:\Program Files\Git\cmd;C:\Users\Maxence\AppData\Local\Microsoft\WindowsApps;C:\Users\Maxence\AppData\Local\Programs\Microsoft VS Code\bin;C:\Users\Maxence\AppData\Local\GitHubDesktop\bin
USERNAME=Maxence
OS=Windows_NT
PROCESSOR_IDENTIFIER=AMD64 Family 25 Model 68 Stepping 1, AuthenticAMD
TMP=C:\Users\Maxence\AppData\Local\Temp
TEMP=C:\Users\Maxence\AppData\Local\Temp




Periodic native trim disabled

---------------  S Y S T E M  ---------------

OS:
 Windows 11 , 64 bit Build 26100 (10.0.26100.7309)
OS uptime: 0 days 3:12 hours
Hyper-V role detected

CPU: total 16 (initial active 16) (16 cores per cpu, 2 threads per core) family 25 model 68 stepping 1 microcode 0xa40410a, cx8, cmov, fxsr, ht, mmx, 3dnowpref, sse, sse2, sse3, ssse3, sse4a, sse4.1, sse4.2, popcnt, lzcnt, tsc, tscinvbit, avx, avx2, aes, erms, clmul, bmi1, bmi2, adx, sha, fma, vzeroupper, clflush, clflushopt, hv, rdtscp, rdpid, fsrm, f16c, cet_ss
Processor Information for the first 16 processors :
  Max Mhz: 3201, Current Mhz: 2502, Mhz Limit: 3201

Memory: 4k page, system-wide physical 27960M (11638M free)
TotalPageFile size 29752M (AvailPageFile size 8285M)
current process WorkingSet (physical memory assigned to process): 115M, peak: 121M
current process commit charge ("private bytes"): 580M, peak: 585M

vm_info: OpenJDK 64-Bit Server VM (21.0.9+10-LTS) for windows-amd64 JRE (21.0.9+10-LTS), built on 2025-10-13T22:04:36Z by "MicrosoftCorporation" with unknown MS VC++:1944

END.
